{"/home/julien/Documents/MyRepos/bingo-builder/frontend/src/components/BingoCardPreview.tsx": {"path":"/home/julien/Documents/MyRepos/bingo-builder/frontend/src/components/BingoCardPreview.tsx","statementMap":{"0":{"start":{"line":16,"column":2},"end":{"line":44,"column":null}},"1":{"start":{"line":25,"column":26},"end":{"line":25,"column":62}},"2":{"start":{"line":26,"column":8},"end":{"line":41,"column":null}}},"fnMap":{"0":{"name":"BingoCardPreview","decl":{"start":{"line":10,"column":9},"end":{"line":10,"column":26}},"loc":{"start":{"line":15,"column":26},"end":{"line":44,"column":null}},"line":15},"1":{"name":"(anonymous_1)","decl":{"start":{"line":24,"column":13},"end":{"line":24,"column":18}},"loc":{"start":{"line":24,"column":34},"end":{"line":41,"column":null}},"line":24}},"branchMap":{"0":{"loc":{"start":{"line":14,"column":2},"end":{"line":14,"column":19}},"type":"default-arg","locations":[{"start":{"line":14,"column":17},"end":{"line":14,"column":19}}],"line":14},"1":{"loc":{"start":{"line":29,"column":39},"end":{"line":29,"column":88}},"type":"cond-expr","locations":[{"start":{"line":29,"column":75},"end":{"line":29,"column":85}},{"start":{"line":29,"column":85},"end":{"line":29,"column":88}}],"line":29},"2":{"loc":{"start":{"line":29,"column":39},"end":{"line":29,"column":72}},"type":"binary-expr","locations":[{"start":{"line":29,"column":39},"end":{"line":29,"column":54}},{"start":{"line":29,"column":54},"end":{"line":29,"column":72}}],"line":29},"3":{"loc":{"start":{"line":29,"column":91},"end":{"line":29,"column":null}},"type":"cond-expr","locations":[{"start":{"line":29,"column":103},"end":{"line":29,"column":115}},{"start":{"line":29,"column":115},"end":{"line":29,"column":null}}],"line":29},"4":{"loc":{"start":{"line":30,"column":19},"end":{"line":30,"column":null}},"type":"binary-expr","locations":[{"start":{"line":30,"column":19},"end":{"line":30,"column":33}},{"start":{"line":30,"column":33},"end":{"line":30,"column":null}}],"line":30},"5":{"loc":{"start":{"line":32,"column":13},"end":{"line":39,"column":null}},"type":"cond-expr","locations":[{"start":{"line":33,"column":14},"end":{"line":39,"column":15}},{"start":{"line":39,"column":14},"end":{"line":39,"column":null}}],"line":32},"6":{"loc":{"start":{"line":32,"column":13},"end":{"line":32,"column":44}},"type":"binary-expr","locations":[{"start":{"line":32,"column":13},"end":{"line":32,"column":27}},{"start":{"line":32,"column":27},"end":{"line":32,"column":44}}],"line":32},"7":{"loc":{"start":{"line":34,"column":17},"end":{"line":36,"column":null}},"type":"cond-expr","locations":[{"start":{"line":35,"column":20},"end":{"line":35,"column":null}},{"start":{"line":36,"column":20},"end":{"line":36,"column":null}}],"line":34}},"s":{"0":5,"1":46,"2":46},"f":{"0":5,"1":46},"b":{"0":[5],"1":[2,44],"2":[46,44],"3":[2,44],"4":[46,2],"5":[44,2],"6":[46,44],"7":[0,44]},"meta":{"lastBranch":8,"lastFunction":2,"lastStatement":3,"seen":{"f:10:9:10:26":0,"b:14:17:14:19":0,"s:16:2:44:Infinity":0,"f:24:13:24:18":1,"s:25:26:25:62":1,"s:26:8:41:Infinity":2,"b:29:75:29:85:29:85:29:88":1,"b:29:39:29:54:29:54:29:72":2,"b:29:103:29:115:29:115:29:Infinity":3,"b:30:19:30:33:30:33:30:Infinity":4,"b:33:14:39:15:39:14:39:Infinity":5,"b:32:13:32:27:32:27:32:44":6,"b:35:20:35:Infinity:36:20:36:Infinity":7}}}
,"/home/julien/Documents/MyRepos/bingo-builder/frontend/src/components/BingoGridControls.tsx": {"path":"/home/julien/Documents/MyRepos/bingo-builder/frontend/src/components/BingoGridControls.tsx","statementMap":{"0":{"start":{"line":26,"column":22},"end":{"line":26,"column":null}},"1":{"start":{"line":26,"column":42},"end":{"line":26,"column":56}},"2":{"start":{"line":27,"column":21},"end":{"line":27,"column":null}},"3":{"start":{"line":27,"column":41},"end":{"line":27,"column":56}},"4":{"start":{"line":28,"column":32},"end":{"line":28,"column":null}},"5":{"start":{"line":30,"column":2},"end":{"line":119,"column":null}},"6":{"start":{"line":37,"column":27},"end":{"line":37,"column":56}},"7":{"start":{"line":51,"column":29},"end":{"line":51,"column":77}},"8":{"start":{"line":59,"column":29},"end":{"line":59,"column":77}},"9":{"start":{"line":73,"column":29},"end":{"line":73,"column":77}},"10":{"start":{"line":81,"column":29},"end":{"line":81,"column":77}}},"fnMap":{"0":{"name":"BingoGridControls","decl":{"start":{"line":17,"column":9},"end":{"line":17,"column":27}},"loc":{"start":{"line":25,"column":27},"end":{"line":119,"column":null}},"line":25},"1":{"name":"(anonymous_1)","decl":{"start":{"line":26,"column":28},"end":{"line":26,"column":36}},"loc":{"start":{"line":26,"column":42},"end":{"line":26,"column":56}},"line":26},"2":{"name":"(anonymous_2)","decl":{"start":{"line":27,"column":27},"end":{"line":27,"column":35}},"loc":{"start":{"line":27,"column":41},"end":{"line":27,"column":56}},"line":27},"3":{"name":"(anonymous_3)","decl":{"start":{"line":37,"column":10},"end":{"line":37,"column":21}},"loc":{"start":{"line":37,"column":27},"end":{"line":37,"column":56}},"line":37},"4":{"name":"(anonymous_4)","decl":{"start":{"line":51,"column":14},"end":{"line":51,"column":29}},"loc":{"start":{"line":51,"column":29},"end":{"line":51,"column":77}},"line":51},"5":{"name":"(anonymous_5)","decl":{"start":{"line":59,"column":14},"end":{"line":59,"column":29}},"loc":{"start":{"line":59,"column":29},"end":{"line":59,"column":77}},"line":59},"6":{"name":"(anonymous_6)","decl":{"start":{"line":73,"column":14},"end":{"line":73,"column":29}},"loc":{"start":{"line":73,"column":29},"end":{"line":73,"column":77}},"line":73},"7":{"name":"(anonymous_7)","decl":{"start":{"line":81,"column":14},"end":{"line":81,"column":29}},"loc":{"start":{"line":81,"column":29},"end":{"line":81,"column":77}},"line":81}},"branchMap":{"0":{"loc":{"start":{"line":24,"column":2},"end":{"line":24,"column":null}},"type":"default-arg","locations":[{"start":{"line":24,"column":20},"end":{"line":24,"column":null}}],"line":24},"1":{"loc":{"start":{"line":103,"column":15},"end":{"line":108,"column":null}},"type":"cond-expr","locations":[{"start":{"line":104,"column":16},"end":{"line":108,"column":17}},{"start":{"line":108,"column":16},"end":{"line":108,"column":null}}],"line":103},"2":{"loc":{"start":{"line":105,"column":19},"end":{"line":105,"column":null}},"type":"cond-expr","locations":[{"start":{"line":105,"column":49},"end":{"line":105,"column":59}},{"start":{"line":105,"column":59},"end":{"line":105,"column":null}}],"line":105}},"s":{"0":12,"1":108,"2":12,"3":108,"4":12,"5":12,"6":1,"7":1,"8":0,"9":0,"10":1},"f":{"0":12,"1":108,"2":108,"3":1,"4":1,"5":0,"6":0,"7":1},"b":{"0":[12],"1":[2,10],"2":[1,1]},"meta":{"lastBranch":3,"lastFunction":8,"lastStatement":11,"seen":{"f:17:9:17:27":0,"b:24:20:24:Infinity":0,"s:26:22:26:Infinity":0,"f:26:28:26:36":1,"s:26:42:26:56":1,"s:27:21:27:Infinity":2,"f:27:27:27:35":2,"s:27:41:27:56":3,"s:28:32:28:Infinity":4,"s:30:2:119:Infinity":5,"f:37:10:37:21":3,"s:37:27:37:56":6,"f:51:14:51:29":4,"s:51:29:51:77":7,"f:59:14:59:29":5,"s:59:29:59:77":8,"f:73:14:73:29":6,"s:73:29:73:77":9,"f:81:14:81:29":7,"s:81:29:81:77":10,"b:104:16:108:17:108:16:108:Infinity":1,"b:105:49:105:59:105:59:105:Infinity":2}}}
,"/home/julien/Documents/MyRepos/bingo-builder/frontend/src/components/BingoGridEditor.tsx": {"path":"/home/julien/Documents/MyRepos/bingo-builder/frontend/src/components/BingoGridEditor.tsx","statementMap":{"0":{"start":{"line":22,"column":8},"end":{"line":22,"column":null}},"1":{"start":{"line":22,"column":25},"end":{"line":22,"column":null}},"2":{"start":{"line":24,"column":8},"end":{"line":27,"column":null}},"3":{"start":{"line":26,"column":4},"end":{"line":27,"column":null}},"4":{"start":{"line":27,"column":6},"end":{"line":27,"column":null}},"5":{"start":{"line":31,"column":2},"end":{"line":55,"column":null}},"6":{"start":{"line":40,"column":8},"end":{"line":53,"column":null}},"7":{"start":{"line":43,"column":25},"end":{"line":43,"column":53}},"8":{"start":{"line":47,"column":29},"end":{"line":47,"column":64}}},"fnMap":{"0":{"name":"BingoGridEditor","decl":{"start":{"line":15,"column":9},"end":{"line":15,"column":25}},"loc":{"start":{"line":21,"column":25},"end":{"line":55,"column":null}},"line":21},"1":{"name":"(anonymous_1)","decl":{"start":{"line":22,"column":8},"end":{"line":22,"column":25}},"loc":{"start":{"line":22,"column":25},"end":{"line":22,"column":null}},"line":22},"2":{"name":"(anonymous_2)","decl":{"start":{"line":24,"column":8},"end":{"line":24,"column":27}},"loc":{"start":{"line":24,"column":57},"end":{"line":27,"column":null}},"line":24},"3":{"name":"(anonymous_3)","decl":{"start":{"line":39,"column":13},"end":{"line":39,"column":18}},"loc":{"start":{"line":40,"column":8},"end":{"line":53,"column":null}},"line":40},"4":{"name":"(anonymous_4)","decl":{"start":{"line":43,"column":10},"end":{"line":43,"column":25}},"loc":{"start":{"line":43,"column":25},"end":{"line":43,"column":53}},"line":43},"5":{"name":"(anonymous_5)","decl":{"start":{"line":47,"column":12},"end":{"line":47,"column":23}},"loc":{"start":{"line":47,"column":29},"end":{"line":47,"column":64}},"line":47}},"branchMap":{"0":{"loc":{"start":{"line":26,"column":4},"end":{"line":27,"column":null}},"type":"if","locations":[{"start":{"line":26,"column":4},"end":{"line":27,"column":null}},{"start":{},"end":{}}],"line":26},"1":{"loc":{"start":{"line":26,"column":8},"end":{"line":26,"column":33}},"type":"binary-expr","locations":[{"start":{"line":26,"column":8},"end":{"line":26,"column":23}},{"start":{"line":26,"column":23},"end":{"line":26,"column":33}}],"line":26},"2":{"loc":{"start":{"line":51,"column":22},"end":{"line":51,"column":null}},"type":"binary-expr","locations":[{"start":{"line":51,"column":22},"end":{"line":51,"column":37}},{"start":{"line":51,"column":37},"end":{"line":51,"column":null}}],"line":51}},"s":{"0":7,"1":6,"2":7,"3":2,"4":1,"5":7,"6":30,"7":2,"8":1},"f":{"0":7,"1":6,"2":2,"3":30,"4":2,"5":1},"b":{"0":[1,1],"1":[2,2],"2":[30,4]},"meta":{"lastBranch":3,"lastFunction":6,"lastStatement":9,"seen":{"f:15:9:15:25":0,"s:22:8:22:Infinity":0,"f:22:8:22:25":1,"s:22:25:22:Infinity":1,"s:24:8:27:Infinity":2,"f:24:8:24:27":2,"b:26:4:27:Infinity:undefined:undefined:undefined:undefined":0,"s:26:4:27:Infinity":3,"b:26:8:26:23:26:23:26:33":1,"s:27:6:27:Infinity":4,"s:31:2:55:Infinity":5,"f:39:13:39:18":3,"s:40:8:53:Infinity":6,"f:43:10:43:25":4,"s:43:25:43:53":7,"f:47:12:47:23":5,"s:47:29:47:64":8,"b:51:22:51:37:51:37:51:Infinity":2}}}
,"/home/julien/Documents/MyRepos/bingo-builder/frontend/src/utils/api.ts": {"path":"/home/julien/Documents/MyRepos/bingo-builder/frontend/src/utils/api.ts","statementMap":{"0":{"start":{"line":3,"column":21},"end":{"line":3,"column":null}},"1":{"start":{"line":21,"column":19},"end":{"line":214,"column":null}},"2":{"start":{"line":24,"column":21},"end":{"line":24,"column":57}},"3":{"start":{"line":25,"column":4},"end":{"line":25,"column":null}},"4":{"start":{"line":25,"column":22},"end":{"line":25,"column":null}},"5":{"start":{"line":26,"column":4},"end":{"line":26,"column":null}},"6":{"start":{"line":31,"column":21},"end":{"line":31,"column":63}},"7":{"start":{"line":32,"column":4},"end":{"line":32,"column":null}},"8":{"start":{"line":32,"column":22},"end":{"line":32,"column":null}},"9":{"start":{"line":33,"column":4},"end":{"line":33,"column":null}},"10":{"start":{"line":38,"column":21},"end":{"line":44,"column":6}},"11":{"start":{"line":45,"column":4},"end":{"line":47,"column":null}},"12":{"start":{"line":46,"column":20},"end":{"line":46,"column":41}},"13":{"start":{"line":47,"column":6},"end":{"line":47,"column":null}},"14":{"start":{"line":49,"column":4},"end":{"line":49,"column":null}},"15":{"start":{"line":54,"column":21},"end":{"line":60,"column":6}},"16":{"start":{"line":61,"column":4},"end":{"line":63,"column":null}},"17":{"start":{"line":62,"column":20},"end":{"line":62,"column":41}},"18":{"start":{"line":63,"column":6},"end":{"line":63,"column":null}},"19":{"start":{"line":65,"column":4},"end":{"line":65,"column":null}},"20":{"start":{"line":70,"column":21},"end":{"line":76,"column":6}},"21":{"start":{"line":77,"column":4},"end":{"line":79,"column":null}},"22":{"start":{"line":78,"column":20},"end":{"line":78,"column":41}},"23":{"start":{"line":79,"column":6},"end":{"line":79,"column":null}},"24":{"start":{"line":81,"column":4},"end":{"line":81,"column":null}},"25":{"start":{"line":86,"column":21},"end":{"line":92,"column":6}},"26":{"start":{"line":93,"column":4},"end":{"line":95,"column":null}},"27":{"start":{"line":94,"column":20},"end":{"line":94,"column":41}},"28":{"start":{"line":95,"column":6},"end":{"line":95,"column":null}},"29":{"start":{"line":97,"column":4},"end":{"line":97,"column":null}},"30":{"start":{"line":105,"column":16},"end":{"line":107,"column":null}},"31":{"start":{"line":108,"column":21},"end":{"line":110,"column":6}},"32":{"start":{"line":111,"column":4},"end":{"line":113,"column":null}},"33":{"start":{"line":112,"column":20},"end":{"line":112,"column":41}},"34":{"start":{"line":113,"column":6},"end":{"line":113,"column":null}},"35":{"start":{"line":115,"column":4},"end":{"line":115,"column":null}},"36":{"start":{"line":122,"column":21},"end":{"line":128,"column":6}},"37":{"start":{"line":129,"column":4},"end":{"line":131,"column":null}},"38":{"start":{"line":130,"column":20},"end":{"line":130,"column":41}},"39":{"start":{"line":131,"column":6},"end":{"line":131,"column":null}},"40":{"start":{"line":133,"column":4},"end":{"line":133,"column":null}},"41":{"start":{"line":138,"column":21},"end":{"line":144,"column":6}},"42":{"start":{"line":145,"column":4},"end":{"line":147,"column":null}},"43":{"start":{"line":146,"column":20},"end":{"line":146,"column":41}},"44":{"start":{"line":147,"column":6},"end":{"line":147,"column":null}},"45":{"start":{"line":149,"column":4},"end":{"line":149,"column":null}},"46":{"start":{"line":159,"column":21},"end":{"line":165,"column":6}},"47":{"start":{"line":166,"column":4},"end":{"line":168,"column":null}},"48":{"start":{"line":167,"column":20},"end":{"line":167,"column":41}},"49":{"start":{"line":168,"column":6},"end":{"line":168,"column":null}},"50":{"start":{"line":170,"column":4},"end":{"line":170,"column":null}},"51":{"start":{"line":174,"column":14},"end":{"line":174,"column":null}},"52":{"start":{"line":175,"column":4},"end":{"line":176,"column":null}},"53":{"start":{"line":176,"column":6},"end":{"line":176,"column":null}},"54":{"start":{"line":178,"column":21},"end":{"line":178,"column":37}},"55":{"start":{"line":179,"column":4},"end":{"line":180,"column":null}},"56":{"start":{"line":180,"column":6},"end":{"line":180,"column":null}},"57":{"start":{"line":182,"column":4},"end":{"line":182,"column":null}},"58":{"start":{"line":186,"column":21},"end":{"line":190,"column":null}},"59":{"start":{"line":192,"column":4},"end":{"line":193,"column":null}},"60":{"start":{"line":193,"column":6},"end":{"line":193,"column":null}},"61":{"start":{"line":195,"column":4},"end":{"line":195,"column":null}},"62":{"start":{"line":199,"column":21},"end":{"line":207,"column":null}},"63":{"start":{"line":209,"column":4},"end":{"line":210,"column":null}},"64":{"start":{"line":210,"column":6},"end":{"line":210,"column":null}},"65":{"start":{"line":212,"column":4},"end":{"line":212,"column":null}}},"fnMap":{"0":{"name":"(anonymous_0)","decl":{"start":{"line":23,"column":8},"end":{"line":23,"column":36}},"loc":{"start":{"line":23,"column":36},"end":{"line":26,"column":null}},"line":23},"1":{"name":"(anonymous_1)","decl":{"start":{"line":30,"column":8},"end":{"line":30,"column":16}},"loc":{"start":{"line":30,"column":43},"end":{"line":33,"column":null}},"line":30},"2":{"name":"(anonymous_2)","decl":{"start":{"line":37,"column":8},"end":{"line":37,"column":19}},"loc":{"start":{"line":37,"column":54},"end":{"line":49,"column":null}},"line":37},"3":{"name":"(anonymous_3)","decl":{"start":{"line":53,"column":8},"end":{"line":53,"column":19}},"loc":{"start":{"line":53,"column":72},"end":{"line":65,"column":null}},"line":53},"4":{"name":"(anonymous_4)","decl":{"start":{"line":69,"column":8},"end":{"line":69,"column":20}},"loc":{"start":{"line":69,"column":66},"end":{"line":81,"column":null}},"line":69},"5":{"name":"(anonymous_5)","decl":{"start":{"line":85,"column":8},"end":{"line":85,"column":22}},"loc":{"start":{"line":85,"column":68},"end":{"line":97,"column":null}},"line":85},"6":{"name":"(anonymous_6)","decl":{"start":{"line":101,"column":8},"end":{"line":101,"column":null}},"loc":{"start":{"line":104,"column":34},"end":{"line":115,"column":null}},"line":104},"7":{"name":"(anonymous_7)","decl":{"start":{"line":119,"column":8},"end":{"line":119,"column":null}},"loc":{"start":{"line":121,"column":56},"end":{"line":133,"column":null}},"line":121},"8":{"name":"(anonymous_8)","decl":{"start":{"line":137,"column":8},"end":{"line":137,"column":26}},"loc":{"start":{"line":137,"column":60},"end":{"line":149,"column":null}},"line":137},"9":{"name":"(anonymous_9)","decl":{"start":{"line":153,"column":8},"end":{"line":153,"column":null}},"loc":{"start":{"line":158,"column":4},"end":{"line":170,"column":null}},"line":158},"10":{"name":"(anonymous_10)","decl":{"start":{"line":173,"column":8},"end":{"line":173,"column":23}},"loc":{"start":{"line":173,"column":63},"end":{"line":182,"column":null}},"line":173},"11":{"name":"(anonymous_11)","decl":{"start":{"line":185,"column":8},"end":{"line":185,"column":23}},"loc":{"start":{"line":185,"column":55},"end":{"line":195,"column":null}},"line":185},"12":{"name":"(anonymous_12)","decl":{"start":{"line":198,"column":8},"end":{"line":198,"column":22}},"loc":{"start":{"line":198,"column":76},"end":{"line":212,"column":null}},"line":198}},"branchMap":{"0":{"loc":{"start":{"line":25,"column":4},"end":{"line":25,"column":null}},"type":"if","locations":[{"start":{"line":25,"column":4},"end":{"line":25,"column":null}},{"start":{},"end":{}}],"line":25},"1":{"loc":{"start":{"line":32,"column":4},"end":{"line":32,"column":null}},"type":"if","locations":[{"start":{"line":32,"column":4},"end":{"line":32,"column":null}},{"start":{},"end":{}}],"line":32},"2":{"loc":{"start":{"line":45,"column":4},"end":{"line":47,"column":null}},"type":"if","locations":[{"start":{"line":45,"column":4},"end":{"line":47,"column":null}},{"start":{},"end":{}}],"line":45},"3":{"loc":{"start":{"line":47,"column":22},"end":{"line":47,"column":63}},"type":"binary-expr","locations":[{"start":{"line":47,"column":22},"end":{"line":47,"column":39}},{"start":{"line":47,"column":39},"end":{"line":47,"column":63}}],"line":47},"4":{"loc":{"start":{"line":61,"column":4},"end":{"line":63,"column":null}},"type":"if","locations":[{"start":{"line":61,"column":4},"end":{"line":63,"column":null}},{"start":{},"end":{}}],"line":61},"5":{"loc":{"start":{"line":63,"column":22},"end":{"line":63,"column":63}},"type":"binary-expr","locations":[{"start":{"line":63,"column":22},"end":{"line":63,"column":39}},{"start":{"line":63,"column":39},"end":{"line":63,"column":63}}],"line":63},"6":{"loc":{"start":{"line":77,"column":4},"end":{"line":79,"column":null}},"type":"if","locations":[{"start":{"line":77,"column":4},"end":{"line":79,"column":null}},{"start":{},"end":{}}],"line":77},"7":{"loc":{"start":{"line":79,"column":22},"end":{"line":79,"column":64}},"type":"binary-expr","locations":[{"start":{"line":79,"column":22},"end":{"line":79,"column":39}},{"start":{"line":79,"column":39},"end":{"line":79,"column":64}}],"line":79},"8":{"loc":{"start":{"line":93,"column":4},"end":{"line":95,"column":null}},"type":"if","locations":[{"start":{"line":93,"column":4},"end":{"line":95,"column":null}},{"start":{},"end":{}}],"line":93},"9":{"loc":{"start":{"line":95,"column":22},"end":{"line":95,"column":66}},"type":"binary-expr","locations":[{"start":{"line":95,"column":22},"end":{"line":95,"column":39}},{"start":{"line":95,"column":39},"end":{"line":95,"column":66}}],"line":95},"10":{"loc":{"start":{"line":105,"column":16},"end":{"line":107,"column":null}},"type":"cond-expr","locations":[{"start":{"line":106,"column":8},"end":{"line":106,"column":null}},{"start":{"line":107,"column":8},"end":{"line":107,"column":null}}],"line":105},"11":{"loc":{"start":{"line":111,"column":4},"end":{"line":113,"column":null}},"type":"if","locations":[{"start":{"line":111,"column":4},"end":{"line":113,"column":null}},{"start":{},"end":{}}],"line":111},"12":{"loc":{"start":{"line":113,"column":22},"end":{"line":113,"column":63}},"type":"binary-expr","locations":[{"start":{"line":113,"column":22},"end":{"line":113,"column":39}},{"start":{"line":113,"column":39},"end":{"line":113,"column":63}}],"line":113},"13":{"loc":{"start":{"line":129,"column":4},"end":{"line":131,"column":null}},"type":"if","locations":[{"start":{"line":129,"column":4},"end":{"line":131,"column":null}},{"start":{},"end":{}}],"line":129},"14":{"loc":{"start":{"line":131,"column":22},"end":{"line":131,"column":64}},"type":"binary-expr","locations":[{"start":{"line":131,"column":22},"end":{"line":131,"column":39}},{"start":{"line":131,"column":39},"end":{"line":131,"column":64}}],"line":131},"15":{"loc":{"start":{"line":145,"column":4},"end":{"line":147,"column":null}},"type":"if","locations":[{"start":{"line":145,"column":4},"end":{"line":147,"column":null}},{"start":{},"end":{}}],"line":145},"16":{"loc":{"start":{"line":147,"column":22},"end":{"line":147,"column":71}},"type":"binary-expr","locations":[{"start":{"line":147,"column":22},"end":{"line":147,"column":39}},{"start":{"line":147,"column":39},"end":{"line":147,"column":71}}],"line":147},"17":{"loc":{"start":{"line":157,"column":4},"end":{"line":157,"column":null}},"type":"default-arg","locations":[{"start":{"line":157,"column":19},"end":{"line":157,"column":null}}],"line":157},"18":{"loc":{"start":{"line":166,"column":4},"end":{"line":168,"column":null}},"type":"if","locations":[{"start":{"line":166,"column":4},"end":{"line":168,"column":null}},{"start":{},"end":{}}],"line":166},"19":{"loc":{"start":{"line":168,"column":22},"end":{"line":168,"column":65}},"type":"binary-expr","locations":[{"start":{"line":168,"column":22},"end":{"line":168,"column":39}},{"start":{"line":168,"column":39},"end":{"line":168,"column":65}}],"line":168},"20":{"loc":{"start":{"line":175,"column":4},"end":{"line":176,"column":null}},"type":"if","locations":[{"start":{"line":175,"column":4},"end":{"line":176,"column":null}},{"start":{},"end":{}}],"line":175},"21":{"loc":{"start":{"line":179,"column":4},"end":{"line":180,"column":null}},"type":"if","locations":[{"start":{"line":179,"column":4},"end":{"line":180,"column":null}},{"start":{},"end":{}}],"line":179},"22":{"loc":{"start":{"line":192,"column":4},"end":{"line":193,"column":null}},"type":"if","locations":[{"start":{"line":192,"column":4},"end":{"line":193,"column":null}},{"start":{},"end":{}}],"line":192},"23":{"loc":{"start":{"line":209,"column":4},"end":{"line":210,"column":null}},"type":"if","locations":[{"start":{"line":209,"column":4},"end":{"line":210,"column":null}},{"start":{},"end":{}}],"line":209}},"s":{"0":1,"1":1,"2":2,"3":1,"4":1,"5":1,"6":2,"7":2,"8":1,"9":1,"10":2,"11":2,"12":1,"13":1,"14":1,"15":2,"16":2,"17":1,"18":1,"19":1,"20":2,"21":2,"22":1,"23":1,"24":1,"25":2,"26":2,"27":1,"28":1,"29":1,"30":2,"31":2,"32":2,"33":1,"34":1,"35":1,"36":2,"37":2,"38":1,"39":1,"40":1,"41":2,"42":2,"43":1,"44":1,"45":1,"46":2,"47":2,"48":1,"49":1,"50":1,"51":3,"52":3,"53":1,"54":3,"55":3,"56":1,"57":2,"58":2,"59":2,"60":1,"61":1,"62":2,"63":2,"64":1,"65":1},"f":{"0":2,"1":2,"2":2,"3":2,"4":2,"5":2,"6":2,"7":2,"8":2,"9":2,"10":3,"11":2,"12":2},"b":{"0":[0,1],"1":[1,1],"2":[1,1],"3":[1,0],"4":[1,1],"5":[1,0],"6":[1,1],"7":[1,1],"8":[1,1],"9":[1,1],"10":[2,0],"11":[1,1],"12":[1,0],"13":[1,1],"14":[1,0],"15":[1,1],"16":[1,0],"17":[2],"18":[1,1],"19":[1,0],"20":[1,2],"21":[1,2],"22":[1,1],"23":[1,1]},"meta":{"lastBranch":24,"lastFunction":13,"lastStatement":66,"seen":{"s:3:21:3:Infinity":0,"s:21:19:214:Infinity":1,"f:23:8:23:36":0,"s:24:21:24:57":2,"b:25:4:25:Infinity:undefined:undefined:undefined:undefined":0,"s:25:4:25:Infinity":3,"s:25:22:25:Infinity":4,"s:26:4:26:Infinity":5,"f:30:8:30:16":1,"s:31:21:31:63":6,"b:32:4:32:Infinity:undefined:undefined:undefined:undefined":1,"s:32:4:32:Infinity":7,"s:32:22:32:Infinity":8,"s:33:4:33:Infinity":9,"f:37:8:37:19":2,"s:38:21:44:6":10,"b:45:4:47:Infinity:undefined:undefined:undefined:undefined":2,"s:45:4:47:Infinity":11,"s:46:20:46:41":12,"s:47:6:47:Infinity":13,"b:47:22:47:39:47:39:47:63":3,"s:49:4:49:Infinity":14,"f:53:8:53:19":3,"s:54:21:60:6":15,"b:61:4:63:Infinity:undefined:undefined:undefined:undefined":4,"s:61:4:63:Infinity":16,"s:62:20:62:41":17,"s:63:6:63:Infinity":18,"b:63:22:63:39:63:39:63:63":5,"s:65:4:65:Infinity":19,"f:69:8:69:20":4,"s:70:21:76:6":20,"b:77:4:79:Infinity:undefined:undefined:undefined:undefined":6,"s:77:4:79:Infinity":21,"s:78:20:78:41":22,"s:79:6:79:Infinity":23,"b:79:22:79:39:79:39:79:64":7,"s:81:4:81:Infinity":24,"f:85:8:85:22":5,"s:86:21:92:6":25,"b:93:4:95:Infinity:undefined:undefined:undefined:undefined":8,"s:93:4:95:Infinity":26,"s:94:20:94:41":27,"s:95:6:95:Infinity":28,"b:95:22:95:39:95:39:95:66":9,"s:97:4:97:Infinity":29,"f:101:8:101:Infinity":6,"s:105:16:107:Infinity":30,"b:106:8:106:Infinity:107:8:107:Infinity":10,"s:108:21:110:6":31,"b:111:4:113:Infinity:undefined:undefined:undefined:undefined":11,"s:111:4:113:Infinity":32,"s:112:20:112:41":33,"s:113:6:113:Infinity":34,"b:113:22:113:39:113:39:113:63":12,"s:115:4:115:Infinity":35,"f:119:8:119:Infinity":7,"s:122:21:128:6":36,"b:129:4:131:Infinity:undefined:undefined:undefined:undefined":13,"s:129:4:131:Infinity":37,"s:130:20:130:41":38,"s:131:6:131:Infinity":39,"b:131:22:131:39:131:39:131:64":14,"s:133:4:133:Infinity":40,"f:137:8:137:26":8,"s:138:21:144:6":41,"b:145:4:147:Infinity:undefined:undefined:undefined:undefined":15,"s:145:4:147:Infinity":42,"s:146:20:146:41":43,"s:147:6:147:Infinity":44,"b:147:22:147:39:147:39:147:71":16,"s:149:4:149:Infinity":45,"f:153:8:153:Infinity":9,"b:157:19:157:Infinity":17,"s:159:21:165:6":46,"b:166:4:168:Infinity:undefined:undefined:undefined:undefined":18,"s:166:4:168:Infinity":47,"s:167:20:167:41":48,"s:168:6:168:Infinity":49,"b:168:22:168:39:168:39:168:65":19,"s:170:4:170:Infinity":50,"f:173:8:173:23":10,"s:174:14:174:Infinity":51,"b:175:4:176:Infinity:undefined:undefined:undefined:undefined":20,"s:175:4:176:Infinity":52,"s:176:6:176:Infinity":53,"s:178:21:178:37":54,"b:179:4:180:Infinity:undefined:undefined:undefined:undefined":21,"s:179:4:180:Infinity":55,"s:180:6:180:Infinity":56,"s:182:4:182:Infinity":57,"f:185:8:185:23":11,"s:186:21:190:Infinity":58,"b:192:4:193:Infinity:undefined:undefined:undefined:undefined":22,"s:192:4:193:Infinity":59,"s:193:6:193:Infinity":60,"s:195:4:195:Infinity":61,"f:198:8:198:22":12,"s:199:21:207:Infinity":62,"b:209:4:210:Infinity:undefined:undefined:undefined:undefined":23,"s:209:4:210:Infinity":63,"s:210:6:210:Infinity":64,"s:212:4:212:Infinity":65}}}
,"/home/julien/Documents/MyRepos/bingo-builder/frontend/src/utils/playerName.ts": {"path":"/home/julien/Documents/MyRepos/bingo-builder/frontend/src/utils/playerName.ts","statementMap":{"0":{"start":{"line":1,"column":24},"end":{"line":1,"column":null}},"1":{"start":{"line":3,"column":31},"end":{"line":35,"column":null}},"2":{"start":{"line":8,"column":18},"end":{"line":8,"column":null}},"3":{"start":{"line":9,"column":4},"end":{"line":9,"column":null}},"4":{"start":{"line":14,"column":4},"end":{"line":14,"column":null}},"5":{"start":{"line":19,"column":4},"end":{"line":21,"column":null}},"6":{"start":{"line":20,"column":6},"end":{"line":20,"column":null}},"7":{"start":{"line":21,"column":6},"end":{"line":21,"column":null}},"8":{"start":{"line":23,"column":4},"end":{"line":23,"column":null}},"9":{"start":{"line":28,"column":4},"end":{"line":28,"column":null}},"10":{"start":{"line":33,"column":4},"end":{"line":33,"column":null}}},"fnMap":{"0":{"name":"(anonymous_0)","decl":{"start":{"line":5,"column":2},"end":{"line":5,"column":14}},"loc":{"start":{"line":5,"column":37},"end":{"line":9,"column":null}},"line":5},"1":{"name":"(anonymous_1)","decl":{"start":{"line":13,"column":2},"end":{"line":13,"column":26}},"loc":{"start":{"line":13,"column":26},"end":{"line":14,"column":null}},"line":13},"2":{"name":"(anonymous_2)","decl":{"start":{"line":18,"column":2},"end":{"line":18,"column":17}},"loc":{"start":{"line":18,"column":40},"end":{"line":23,"column":null}},"line":18},"3":{"name":"(anonymous_3)","decl":{"start":{"line":27,"column":2},"end":{"line":27,"column":27}},"loc":{"start":{"line":27,"column":27},"end":{"line":28,"column":null}},"line":27},"4":{"name":"(anonymous_4)","decl":{"start":{"line":32,"column":2},"end":{"line":32,"column":26}},"loc":{"start":{"line":32,"column":26},"end":{"line":33,"column":null}},"line":32}},"branchMap":{"0":{"loc":{"start":{"line":14,"column":11},"end":{"line":14,"column":null}},"type":"binary-expr","locations":[{"start":{"line":14,"column":11},"end":{"line":14,"column":48}},{"start":{"line":14,"column":52},"end":{"line":14,"column":null}}],"line":14},"1":{"loc":{"start":{"line":19,"column":4},"end":{"line":21,"column":null}},"type":"if","locations":[{"start":{"line":19,"column":4},"end":{"line":21,"column":null}},{"start":{},"end":{}}],"line":19},"2":{"loc":{"start":{"line":19,"column":8},"end":{"line":19,"column":38}},"type":"binary-expr","locations":[{"start":{"line":19,"column":8},"end":{"line":19,"column":16}},{"start":{"line":19,"column":16},"end":{"line":19,"column":38}}],"line":19}},"s":{"0":1,"1":1,"2":6,"3":6,"4":3,"5":7,"6":5,"7":5,"8":2,"9":4,"10":2},"f":{"0":6,"1":3,"2":7,"3":4,"4":2},"b":{"0":[3,2],"1":[5,2],"2":[7,6]},"meta":{"lastBranch":3,"lastFunction":5,"lastStatement":11,"seen":{"s:1:24:1:Infinity":0,"s:3:31:35:Infinity":1,"f:5:2:5:14":0,"s:8:18:8:Infinity":2,"s:9:4:9:Infinity":3,"f:13:2:13:26":1,"s:14:4:14:Infinity":4,"b:14:11:14:48:14:52:14:Infinity":0,"f:18:2:18:17":2,"b:19:4:21:Infinity:undefined:undefined:undefined:undefined":1,"s:19:4:21:Infinity":5,"b:19:8:19:16:19:16:19:38":2,"s:20:6:20:Infinity":6,"s:21:6:21:Infinity":7,"s:23:4:23:Infinity":8,"f:27:2:27:27":3,"s:28:4:28:Infinity":9,"f:32:2:32:26":4,"s:33:4:33:Infinity":10}}}
}
