{"/home/julien/Documents/MyRepos/bingo-builder/frontend/src/config.ts": {"path":"/home/julien/Documents/MyRepos/bingo-builder/frontend/src/config.ts","statementMap":{"0":{"start":{"line":24,"column":4},"end":{"line":24,"column":null}},"1":{"start":{"line":25,"column":4},"end":{"line":25,"column":null}},"2":{"start":{"line":29,"column":4},"end":{"line":43,"column":null}},"3":{"start":{"line":47,"column":18},"end":{"line":47,"column":null}},"4":{"start":{"line":48,"column":4},"end":{"line":49,"column":null}},"5":{"start":{"line":49,"column":6},"end":{"line":49,"column":null}},"6":{"start":{"line":51,"column":19},"end":{"line":51,"column":32}},"7":{"start":{"line":52,"column":4},"end":{"line":56,"column":null}},"8":{"start":{"line":53,"column":6},"end":{"line":55,"column":null}},"9":{"start":{"line":56,"column":6},"end":{"line":56,"column":null}},"10":{"start":{"line":58,"column":4},"end":{"line":58,"column":null}},"11":{"start":{"line":62,"column":29},"end":{"line":62,"column":31}},"12":{"start":{"line":65,"column":4},"end":{"line":68,"column":null}},"13":{"start":{"line":66,"column":6},"end":{"line":68,"column":null}},"14":{"start":{"line":70,"column":4},"end":{"line":71,"column":null}},"15":{"start":{"line":71,"column":6},"end":{"line":71,"column":null}},"16":{"start":{"line":75,"column":4},"end":{"line":79,"column":null}},"17":{"start":{"line":76,"column":6},"end":{"line":77,"column":null}},"18":{"start":{"line":77,"column":8},"end":{"line":77,"column":null}},"19":{"start":{"line":81,"column":4},"end":{"line":82,"column":null}},"20":{"start":{"line":82,"column":6},"end":{"line":82,"column":null}},"21":{"start":{"line":88,"column":4},"end":{"line":88,"column":null}},"22":{"start":{"line":92,"column":4},"end":{"line":92,"column":null}},"23":{"start":{"line":96,"column":4},"end":{"line":96,"column":null}},"24":{"start":{"line":100,"column":4},"end":{"line":100,"column":null}},"25":{"start":{"line":105,"column":4},"end":{"line":105,"column":null}},"26":{"start":{"line":109,"column":4},"end":{"line":109,"column":null}},"27":{"start":{"line":113,"column":4},"end":{"line":113,"column":null}},"28":{"start":{"line":117,"column":4},"end":{"line":117,"column":null}},"29":{"start":{"line":121,"column":4},"end":{"line":121,"column":null}},"30":{"start":{"line":125,"column":4},"end":{"line":125,"column":null}},"31":{"start":{"line":130,"column":4},"end":{"line":130,"column":null}},"32":{"start":{"line":135,"column":15},"end":{"line":135,"column":27}}},"fnMap":{"0":{"name":"(anonymous_0)","decl":{"start":{"line":22,"column":2},"end":{"line":22,"column":16}},"loc":{"start":{"line":22,"column":16},"end":{"line":25,"column":null}},"line":22},"1":{"name":"(anonymous_1)","decl":{"start":{"line":28,"column":2},"end":{"line":28,"column":10}},"loc":{"start":{"line":28,"column":37},"end":{"line":43,"column":null}},"line":28},"2":{"name":"(anonymous_2)","decl":{"start":{"line":46,"column":2},"end":{"line":46,"column":10}},"loc":{"start":{"line":46,"column":65},"end":{"line":58,"column":null}},"line":46},"3":{"name":"(anonymous_3)","decl":{"start":{"line":61,"column":2},"end":{"line":61,"column":10}},"loc":{"start":{"line":61,"column":27},"end":{"line":82,"column":null}},"line":61},"4":{"name":"(anonymous_4)","decl":{"start":{"line":75,"column":39},"end":{"line":75,"column":48}},"loc":{"start":{"line":75,"column":65},"end":{"line":79,"column":null}},"line":75},"5":{"name":"(anonymous_5)","decl":{"start":{"line":87,"column":6},"end":{"line":87,"column":24}},"loc":{"start":{"line":87,"column":24},"end":{"line":88,"column":null}},"line":87},"6":{"name":"(anonymous_6)","decl":{"start":{"line":91,"column":6},"end":{"line":91,"column":21}},"loc":{"start":{"line":91,"column":21},"end":{"line":92,"column":null}},"line":91},"7":{"name":"(anonymous_7)","decl":{"start":{"line":95,"column":6},"end":{"line":95,"column":23}},"loc":{"start":{"line":95,"column":23},"end":{"line":96,"column":null}},"line":95},"8":{"name":"(anonymous_8)","decl":{"start":{"line":99,"column":6},"end":{"line":99,"column":15}},"loc":{"start":{"line":99,"column":15},"end":{"line":100,"column":null}},"line":99},"9":{"name":"(anonymous_9)","decl":{"start":{"line":104,"column":6},"end":{"line":104,"column":35}},"loc":{"start":{"line":104,"column":35},"end":{"line":105,"column":null}},"line":104},"10":{"name":"(anonymous_10)","decl":{"start":{"line":108,"column":6},"end":{"line":108,"column":30}},"loc":{"start":{"line":108,"column":30},"end":{"line":109,"column":null}},"line":108},"11":{"name":"(anonymous_11)","decl":{"start":{"line":112,"column":6},"end":{"line":112,"column":36}},"loc":{"start":{"line":112,"column":36},"end":{"line":113,"column":null}},"line":112},"12":{"name":"(anonymous_12)","decl":{"start":{"line":116,"column":6},"end":{"line":116,"column":34}},"loc":{"start":{"line":116,"column":34},"end":{"line":117,"column":null}},"line":116},"13":{"name":"(anonymous_13)","decl":{"start":{"line":120,"column":6},"end":{"line":120,"column":34}},"loc":{"start":{"line":120,"column":34},"end":{"line":121,"column":null}},"line":120},"14":{"name":"(anonymous_14)","decl":{"start":{"line":124,"column":6},"end":{"line":124,"column":36}},"loc":{"start":{"line":124,"column":36},"end":{"line":125,"column":null}},"line":124},"15":{"name":"(anonymous_15)","decl":{"start":{"line":129,"column":2},"end":{"line":129,"column":35}},"loc":{"start":{"line":129,"column":35},"end":{"line":130,"column":null}},"line":129}},"branchMap":{"0":{"loc":{"start":{"line":48,"column":4},"end":{"line":49,"column":null}},"type":"if","locations":[{"start":{"line":48,"column":4},"end":{"line":49,"column":null}},{"start":{},"end":{}}],"line":48},"1":{"loc":{"start":{"line":48,"column":8},"end":{"line":48,"column":45}},"type":"binary-expr","locations":[{"start":{"line":48,"column":8},"end":{"line":48,"column":31}},{"start":{"line":48,"column":31},"end":{"line":48,"column":45}}],"line":48},"2":{"loc":{"start":{"line":52,"column":4},"end":{"line":56,"column":null}},"type":"if","locations":[{"start":{"line":52,"column":4},"end":{"line":56,"column":null}},{"start":{},"end":{}}],"line":52},"3":{"loc":{"start":{"line":65,"column":4},"end":{"line":68,"column":null}},"type":"if","locations":[{"start":{"line":65,"column":4},"end":{"line":68,"column":null}},{"start":{},"end":{}}],"line":65},"4":{"loc":{"start":{"line":65,"column":8},"end":{"line":65,"column":64}},"type":"binary-expr","locations":[{"start":{"line":65,"column":8},"end":{"line":65,"column":35}},{"start":{"line":65,"column":35},"end":{"line":65,"column":64}}],"line":65},"5":{"loc":{"start":{"line":70,"column":4},"end":{"line":71,"column":null}},"type":"if","locations":[{"start":{"line":70,"column":4},"end":{"line":71,"column":null}},{"start":{},"end":{}}],"line":70},"6":{"loc":{"start":{"line":70,"column":8},"end":{"line":70,"column":58}},"type":"binary-expr","locations":[{"start":{"line":70,"column":8},"end":{"line":70,"column":32}},{"start":{"line":70,"column":32},"end":{"line":70,"column":58}}],"line":70},"7":{"loc":{"start":{"line":76,"column":6},"end":{"line":77,"column":null}},"type":"if","locations":[{"start":{"line":76,"column":6},"end":{"line":77,"column":null}},{"start":{},"end":{}}],"line":76},"8":{"loc":{"start":{"line":76,"column":10},"end":{"line":76,"column":49}},"type":"binary-expr","locations":[{"start":{"line":76,"column":10},"end":{"line":76,"column":34}},{"start":{"line":76,"column":38},"end":{"line":76,"column":49}}],"line":76},"9":{"loc":{"start":{"line":81,"column":4},"end":{"line":82,"column":null}},"type":"if","locations":[{"start":{"line":81,"column":4},"end":{"line":82,"column":null}},{"start":{},"end":{}}],"line":81}},"s":{"0":3,"1":3,"2":3,"3":24,"4":24,"5":24,"6":0,"7":0,"8":0,"9":0,"10":0,"11":3,"12":3,"13":0,"14":3,"15":0,"16":3,"17":18,"18":0,"19":3,"20":0,"21":0,"22":0,"23":0,"24":0,"25":12,"26":30,"27":1,"28":0,"29":0,"30":0,"31":0,"32":3},"f":{"0":3,"1":3,"2":24,"3":3,"4":18,"5":0,"6":0,"7":0,"8":0,"9":12,"10":30,"11":1,"12":0,"13":0,"14":0,"15":0},"b":{"0":[24,0],"1":[24,0],"2":[0,0],"3":[0,3],"4":[3,3],"5":[0,3],"6":[3,3],"7":[0,18],"8":[18,18],"9":[0,3]},"meta":{"lastBranch":10,"lastFunction":16,"lastStatement":33,"seen":{"f:22:2:22:16":0,"s:24:4:24:Infinity":0,"s:25:4:25:Infinity":1,"f:28:2:28:10":1,"s:29:4:43:Infinity":2,"f:46:2:46:10":2,"s:47:18:47:Infinity":3,"b:48:4:49:Infinity:undefined:undefined:undefined:undefined":0,"s:48:4:49:Infinity":4,"b:48:8:48:31:48:31:48:45":1,"s:49:6:49:Infinity":5,"s:51:19:51:32":6,"b:52:4:56:Infinity:undefined:undefined:undefined:undefined":2,"s:52:4:56:Infinity":7,"s:53:6:55:Infinity":8,"s:56:6:56:Infinity":9,"s:58:4:58:Infinity":10,"f:61:2:61:10":3,"s:62:29:62:31":11,"b:65:4:68:Infinity:undefined:undefined:undefined:undefined":3,"s:65:4:68:Infinity":12,"b:65:8:65:35:65:35:65:64":4,"s:66:6:68:Infinity":13,"b:70:4:71:Infinity:undefined:undefined:undefined:undefined":5,"s:70:4:71:Infinity":14,"b:70:8:70:32:70:32:70:58":6,"s:71:6:71:Infinity":15,"s:75:4:79:Infinity":16,"f:75:39:75:48":4,"b:76:6:77:Infinity:undefined:undefined:undefined:undefined":7,"s:76:6:77:Infinity":17,"b:76:10:76:34:76:38:76:49":8,"s:77:8:77:Infinity":18,"b:81:4:82:Infinity:undefined:undefined:undefined:undefined":9,"s:81:4:82:Infinity":19,"s:82:6:82:Infinity":20,"f:87:6:87:24":5,"s:88:4:88:Infinity":21,"f:91:6:91:21":6,"s:92:4:92:Infinity":22,"f:95:6:95:23":7,"s:96:4:96:Infinity":23,"f:99:6:99:15":8,"s:100:4:100:Infinity":24,"f:104:6:104:35":9,"s:105:4:105:Infinity":25,"f:108:6:108:30":10,"s:109:4:109:Infinity":26,"f:112:6:112:36":11,"s:113:4:113:Infinity":27,"f:116:6:116:34":12,"s:117:4:117:Infinity":28,"f:120:6:120:34":13,"s:121:4:121:Infinity":29,"f:124:6:124:36":14,"s:125:4:125:Infinity":30,"f:129:2:129:35":15,"s:130:4:130:Infinity":31,"s:135:15:135:27":32}}}
,"/home/julien/Documents/MyRepos/bingo-builder/frontend/src/components/BingoCardPreview.tsx": {"path":"/home/julien/Documents/MyRepos/bingo-builder/frontend/src/components/BingoCardPreview.tsx","statementMap":{"0":{"start":{"line":16,"column":2},"end":{"line":44,"column":null}},"1":{"start":{"line":25,"column":26},"end":{"line":25,"column":62}},"2":{"start":{"line":26,"column":8},"end":{"line":41,"column":null}}},"fnMap":{"0":{"name":"BingoCardPreview","decl":{"start":{"line":10,"column":9},"end":{"line":10,"column":26}},"loc":{"start":{"line":15,"column":26},"end":{"line":44,"column":null}},"line":15},"1":{"name":"(anonymous_1)","decl":{"start":{"line":24,"column":13},"end":{"line":24,"column":18}},"loc":{"start":{"line":24,"column":34},"end":{"line":41,"column":null}},"line":24}},"branchMap":{"0":{"loc":{"start":{"line":14,"column":2},"end":{"line":14,"column":19}},"type":"default-arg","locations":[{"start":{"line":14,"column":17},"end":{"line":14,"column":19}}],"line":14},"1":{"loc":{"start":{"line":29,"column":39},"end":{"line":29,"column":88}},"type":"cond-expr","locations":[{"start":{"line":29,"column":75},"end":{"line":29,"column":85}},{"start":{"line":29,"column":85},"end":{"line":29,"column":88}}],"line":29},"2":{"loc":{"start":{"line":29,"column":39},"end":{"line":29,"column":72}},"type":"binary-expr","locations":[{"start":{"line":29,"column":39},"end":{"line":29,"column":54}},{"start":{"line":29,"column":54},"end":{"line":29,"column":72}}],"line":29},"3":{"loc":{"start":{"line":29,"column":91},"end":{"line":29,"column":null}},"type":"cond-expr","locations":[{"start":{"line":29,"column":103},"end":{"line":29,"column":115}},{"start":{"line":29,"column":115},"end":{"line":29,"column":null}}],"line":29},"4":{"loc":{"start":{"line":30,"column":19},"end":{"line":30,"column":null}},"type":"binary-expr","locations":[{"start":{"line":30,"column":19},"end":{"line":30,"column":33}},{"start":{"line":30,"column":33},"end":{"line":30,"column":null}}],"line":30},"5":{"loc":{"start":{"line":32,"column":13},"end":{"line":39,"column":null}},"type":"cond-expr","locations":[{"start":{"line":33,"column":14},"end":{"line":39,"column":15}},{"start":{"line":39,"column":14},"end":{"line":39,"column":null}}],"line":32},"6":{"loc":{"start":{"line":32,"column":13},"end":{"line":32,"column":44}},"type":"binary-expr","locations":[{"start":{"line":32,"column":13},"end":{"line":32,"column":27}},{"start":{"line":32,"column":27},"end":{"line":32,"column":44}}],"line":32},"7":{"loc":{"start":{"line":34,"column":17},"end":{"line":36,"column":null}},"type":"cond-expr","locations":[{"start":{"line":35,"column":20},"end":{"line":35,"column":null}},{"start":{"line":36,"column":20},"end":{"line":36,"column":null}}],"line":34}},"s":{"0":5,"1":46,"2":46},"f":{"0":5,"1":46},"b":{"0":[5],"1":[2,44],"2":[46,44],"3":[2,44],"4":[46,2],"5":[44,2],"6":[46,44],"7":[0,44]},"meta":{"lastBranch":8,"lastFunction":2,"lastStatement":3,"seen":{"f:10:9:10:26":0,"b:14:17:14:19":0,"s:16:2:44:Infinity":0,"f:24:13:24:18":1,"s:25:26:25:62":1,"s:26:8:41:Infinity":2,"b:29:75:29:85:29:85:29:88":1,"b:29:39:29:54:29:54:29:72":2,"b:29:103:29:115:29:115:29:Infinity":3,"b:30:19:30:33:30:33:30:Infinity":4,"b:33:14:39:15:39:14:39:Infinity":5,"b:32:13:32:27:32:27:32:44":6,"b:35:20:35:Infinity:36:20:36:Infinity":7}}}
,"/home/julien/Documents/MyRepos/bingo-builder/frontend/src/components/BingoGridControls.tsx": {"path":"/home/julien/Documents/MyRepos/bingo-builder/frontend/src/components/BingoGridControls.tsx","statementMap":{"0":{"start":{"line":27,"column":22},"end":{"line":27,"column":null}},"1":{"start":{"line":27,"column":42},"end":{"line":27,"column":56}},"2":{"start":{"line":28,"column":21},"end":{"line":28,"column":null}},"3":{"start":{"line":28,"column":41},"end":{"line":28,"column":56}},"4":{"start":{"line":29,"column":32},"end":{"line":29,"column":null}},"5":{"start":{"line":31,"column":2},"end":{"line":120,"column":null}},"6":{"start":{"line":38,"column":27},"end":{"line":38,"column":56}},"7":{"start":{"line":52,"column":29},"end":{"line":52,"column":77}},"8":{"start":{"line":60,"column":29},"end":{"line":60,"column":77}},"9":{"start":{"line":74,"column":29},"end":{"line":74,"column":77}},"10":{"start":{"line":82,"column":29},"end":{"line":82,"column":77}}},"fnMap":{"0":{"name":"BingoGridControls","decl":{"start":{"line":18,"column":9},"end":{"line":18,"column":27}},"loc":{"start":{"line":26,"column":27},"end":{"line":120,"column":null}},"line":26},"1":{"name":"(anonymous_1)","decl":{"start":{"line":27,"column":28},"end":{"line":27,"column":36}},"loc":{"start":{"line":27,"column":42},"end":{"line":27,"column":56}},"line":27},"2":{"name":"(anonymous_2)","decl":{"start":{"line":28,"column":27},"end":{"line":28,"column":35}},"loc":{"start":{"line":28,"column":41},"end":{"line":28,"column":56}},"line":28},"3":{"name":"(anonymous_3)","decl":{"start":{"line":38,"column":10},"end":{"line":38,"column":21}},"loc":{"start":{"line":38,"column":27},"end":{"line":38,"column":56}},"line":38},"4":{"name":"(anonymous_4)","decl":{"start":{"line":52,"column":14},"end":{"line":52,"column":29}},"loc":{"start":{"line":52,"column":29},"end":{"line":52,"column":77}},"line":52},"5":{"name":"(anonymous_5)","decl":{"start":{"line":60,"column":14},"end":{"line":60,"column":29}},"loc":{"start":{"line":60,"column":29},"end":{"line":60,"column":77}},"line":60},"6":{"name":"(anonymous_6)","decl":{"start":{"line":74,"column":14},"end":{"line":74,"column":29}},"loc":{"start":{"line":74,"column":29},"end":{"line":74,"column":77}},"line":74},"7":{"name":"(anonymous_7)","decl":{"start":{"line":82,"column":14},"end":{"line":82,"column":29}},"loc":{"start":{"line":82,"column":29},"end":{"line":82,"column":77}},"line":82}},"branchMap":{"0":{"loc":{"start":{"line":25,"column":2},"end":{"line":25,"column":null}},"type":"default-arg","locations":[{"start":{"line":25,"column":20},"end":{"line":25,"column":null}}],"line":25},"1":{"loc":{"start":{"line":104,"column":15},"end":{"line":109,"column":null}},"type":"cond-expr","locations":[{"start":{"line":105,"column":16},"end":{"line":109,"column":17}},{"start":{"line":109,"column":16},"end":{"line":109,"column":null}}],"line":104},"2":{"loc":{"start":{"line":106,"column":19},"end":{"line":106,"column":null}},"type":"cond-expr","locations":[{"start":{"line":106,"column":49},"end":{"line":106,"column":59}},{"start":{"line":106,"column":59},"end":{"line":106,"column":null}}],"line":106}},"s":{"0":12,"1":108,"2":12,"3":108,"4":12,"5":12,"6":1,"7":1,"8":0,"9":0,"10":1},"f":{"0":12,"1":108,"2":108,"3":1,"4":1,"5":0,"6":0,"7":1},"b":{"0":[12],"1":[2,10],"2":[1,1]},"meta":{"lastBranch":3,"lastFunction":8,"lastStatement":11,"seen":{"f:18:9:18:27":0,"b:25:20:25:Infinity":0,"s:27:22:27:Infinity":0,"f:27:28:27:36":1,"s:27:42:27:56":1,"s:28:21:28:Infinity":2,"f:28:27:28:35":2,"s:28:41:28:56":3,"s:29:32:29:Infinity":4,"s:31:2:120:Infinity":5,"f:38:10:38:21":3,"s:38:27:38:56":6,"f:52:14:52:29":4,"s:52:29:52:77":7,"f:60:14:60:29":5,"s:60:29:60:77":8,"f:74:14:74:29":6,"s:74:29:74:77":9,"f:82:14:82:29":7,"s:82:29:82:77":10,"b:105:16:109:17:109:16:109:Infinity":1,"b:106:49:106:59:106:59:106:Infinity":2}}}
,"/home/julien/Documents/MyRepos/bingo-builder/frontend/src/components/BingoGridEditor.tsx": {"path":"/home/julien/Documents/MyRepos/bingo-builder/frontend/src/components/BingoGridEditor.tsx","statementMap":{"0":{"start":{"line":23,"column":8},"end":{"line":23,"column":null}},"1":{"start":{"line":23,"column":25},"end":{"line":23,"column":null}},"2":{"start":{"line":25,"column":8},"end":{"line":28,"column":null}},"3":{"start":{"line":27,"column":4},"end":{"line":28,"column":null}},"4":{"start":{"line":28,"column":6},"end":{"line":28,"column":null}},"5":{"start":{"line":32,"column":2},"end":{"line":56,"column":null}},"6":{"start":{"line":41,"column":8},"end":{"line":54,"column":null}},"7":{"start":{"line":44,"column":25},"end":{"line":44,"column":53}},"8":{"start":{"line":48,"column":29},"end":{"line":48,"column":64}}},"fnMap":{"0":{"name":"BingoGridEditor","decl":{"start":{"line":16,"column":9},"end":{"line":16,"column":25}},"loc":{"start":{"line":22,"column":25},"end":{"line":56,"column":null}},"line":22},"1":{"name":"(anonymous_1)","decl":{"start":{"line":23,"column":8},"end":{"line":23,"column":25}},"loc":{"start":{"line":23,"column":25},"end":{"line":23,"column":null}},"line":23},"2":{"name":"(anonymous_2)","decl":{"start":{"line":25,"column":8},"end":{"line":25,"column":27}},"loc":{"start":{"line":25,"column":57},"end":{"line":28,"column":null}},"line":25},"3":{"name":"(anonymous_3)","decl":{"start":{"line":40,"column":13},"end":{"line":40,"column":18}},"loc":{"start":{"line":41,"column":8},"end":{"line":54,"column":null}},"line":41},"4":{"name":"(anonymous_4)","decl":{"start":{"line":44,"column":10},"end":{"line":44,"column":25}},"loc":{"start":{"line":44,"column":25},"end":{"line":44,"column":53}},"line":44},"5":{"name":"(anonymous_5)","decl":{"start":{"line":48,"column":12},"end":{"line":48,"column":23}},"loc":{"start":{"line":48,"column":29},"end":{"line":48,"column":64}},"line":48}},"branchMap":{"0":{"loc":{"start":{"line":27,"column":4},"end":{"line":28,"column":null}},"type":"if","locations":[{"start":{"line":27,"column":4},"end":{"line":28,"column":null}},{"start":{},"end":{}}],"line":27},"1":{"loc":{"start":{"line":27,"column":8},"end":{"line":27,"column":33}},"type":"binary-expr","locations":[{"start":{"line":27,"column":8},"end":{"line":27,"column":23}},{"start":{"line":27,"column":23},"end":{"line":27,"column":33}}],"line":27},"2":{"loc":{"start":{"line":52,"column":22},"end":{"line":52,"column":null}},"type":"binary-expr","locations":[{"start":{"line":52,"column":22},"end":{"line":52,"column":37}},{"start":{"line":52,"column":37},"end":{"line":52,"column":null}}],"line":52}},"s":{"0":7,"1":6,"2":7,"3":2,"4":1,"5":7,"6":30,"7":2,"8":1},"f":{"0":7,"1":6,"2":2,"3":30,"4":2,"5":1},"b":{"0":[1,1],"1":[2,2],"2":[30,4]},"meta":{"lastBranch":3,"lastFunction":6,"lastStatement":9,"seen":{"f:16:9:16:25":0,"s:23:8:23:Infinity":0,"f:23:8:23:25":1,"s:23:25:23:Infinity":1,"s:25:8:28:Infinity":2,"f:25:8:25:27":2,"b:27:4:28:Infinity:undefined:undefined:undefined:undefined":0,"s:27:4:28:Infinity":3,"b:27:8:27:23:27:23:27:33":1,"s:28:6:28:Infinity":4,"s:32:2:56:Infinity":5,"f:40:13:40:18":3,"s:41:8:54:Infinity":6,"f:44:10:44:25":4,"s:44:25:44:53":7,"f:48:12:48:23":5,"s:48:29:48:64":8,"b:52:22:52:37:52:37:52:Infinity":2}}}
,"/home/julien/Documents/MyRepos/bingo-builder/frontend/src/utils/api.ts": {"path":"/home/julien/Documents/MyRepos/bingo-builder/frontend/src/utils/api.ts","statementMap":{"0":{"start":{"line":3,"column":21},"end":{"line":3,"column":null}},"1":{"start":{"line":30,"column":19},"end":{"line":230,"column":null}},"2":{"start":{"line":33,"column":21},"end":{"line":33,"column":57}},"3":{"start":{"line":34,"column":4},"end":{"line":34,"column":null}},"4":{"start":{"line":34,"column":22},"end":{"line":34,"column":null}},"5":{"start":{"line":35,"column":4},"end":{"line":35,"column":null}},"6":{"start":{"line":40,"column":21},"end":{"line":40,"column":70}},"7":{"start":{"line":41,"column":4},"end":{"line":41,"column":null}},"8":{"start":{"line":41,"column":22},"end":{"line":41,"column":null}},"9":{"start":{"line":42,"column":4},"end":{"line":42,"column":null}},"10":{"start":{"line":47,"column":21},"end":{"line":47,"column":63}},"11":{"start":{"line":48,"column":4},"end":{"line":48,"column":null}},"12":{"start":{"line":48,"column":22},"end":{"line":48,"column":null}},"13":{"start":{"line":49,"column":4},"end":{"line":49,"column":null}},"14":{"start":{"line":54,"column":21},"end":{"line":60,"column":6}},"15":{"start":{"line":61,"column":4},"end":{"line":63,"column":null}},"16":{"start":{"line":62,"column":20},"end":{"line":62,"column":41}},"17":{"start":{"line":63,"column":6},"end":{"line":63,"column":null}},"18":{"start":{"line":65,"column":4},"end":{"line":65,"column":null}},"19":{"start":{"line":70,"column":21},"end":{"line":76,"column":6}},"20":{"start":{"line":77,"column":4},"end":{"line":79,"column":null}},"21":{"start":{"line":78,"column":20},"end":{"line":78,"column":41}},"22":{"start":{"line":79,"column":6},"end":{"line":79,"column":null}},"23":{"start":{"line":81,"column":4},"end":{"line":81,"column":null}},"24":{"start":{"line":86,"column":21},"end":{"line":92,"column":6}},"25":{"start":{"line":93,"column":4},"end":{"line":95,"column":null}},"26":{"start":{"line":94,"column":20},"end":{"line":94,"column":41}},"27":{"start":{"line":95,"column":6},"end":{"line":95,"column":null}},"28":{"start":{"line":97,"column":4},"end":{"line":97,"column":null}},"29":{"start":{"line":102,"column":21},"end":{"line":108,"column":6}},"30":{"start":{"line":109,"column":4},"end":{"line":111,"column":null}},"31":{"start":{"line":110,"column":20},"end":{"line":110,"column":41}},"32":{"start":{"line":111,"column":6},"end":{"line":111,"column":null}},"33":{"start":{"line":113,"column":4},"end":{"line":113,"column":null}},"34":{"start":{"line":121,"column":16},"end":{"line":123,"column":null}},"35":{"start":{"line":124,"column":21},"end":{"line":126,"column":6}},"36":{"start":{"line":127,"column":4},"end":{"line":129,"column":null}},"37":{"start":{"line":128,"column":20},"end":{"line":128,"column":41}},"38":{"start":{"line":129,"column":6},"end":{"line":129,"column":null}},"39":{"start":{"line":131,"column":4},"end":{"line":131,"column":null}},"40":{"start":{"line":138,"column":21},"end":{"line":144,"column":6}},"41":{"start":{"line":145,"column":4},"end":{"line":147,"column":null}},"42":{"start":{"line":146,"column":20},"end":{"line":146,"column":41}},"43":{"start":{"line":147,"column":6},"end":{"line":147,"column":null}},"44":{"start":{"line":149,"column":4},"end":{"line":149,"column":null}},"45":{"start":{"line":154,"column":21},"end":{"line":160,"column":6}},"46":{"start":{"line":161,"column":4},"end":{"line":163,"column":null}},"47":{"start":{"line":162,"column":20},"end":{"line":162,"column":41}},"48":{"start":{"line":163,"column":6},"end":{"line":163,"column":null}},"49":{"start":{"line":165,"column":4},"end":{"line":165,"column":null}},"50":{"start":{"line":175,"column":21},"end":{"line":181,"column":6}},"51":{"start":{"line":182,"column":4},"end":{"line":184,"column":null}},"52":{"start":{"line":183,"column":20},"end":{"line":183,"column":41}},"53":{"start":{"line":184,"column":6},"end":{"line":184,"column":null}},"54":{"start":{"line":186,"column":4},"end":{"line":186,"column":null}},"55":{"start":{"line":190,"column":14},"end":{"line":190,"column":null}},"56":{"start":{"line":191,"column":4},"end":{"line":192,"column":null}},"57":{"start":{"line":192,"column":6},"end":{"line":192,"column":null}},"58":{"start":{"line":194,"column":21},"end":{"line":194,"column":37}},"59":{"start":{"line":195,"column":4},"end":{"line":196,"column":null}},"60":{"start":{"line":196,"column":6},"end":{"line":196,"column":null}},"61":{"start":{"line":198,"column":4},"end":{"line":198,"column":null}},"62":{"start":{"line":202,"column":21},"end":{"line":206,"column":null}},"63":{"start":{"line":208,"column":4},"end":{"line":209,"column":null}},"64":{"start":{"line":209,"column":6},"end":{"line":209,"column":null}},"65":{"start":{"line":211,"column":4},"end":{"line":211,"column":null}},"66":{"start":{"line":215,"column":21},"end":{"line":223,"column":null}},"67":{"start":{"line":225,"column":4},"end":{"line":226,"column":null}},"68":{"start":{"line":226,"column":6},"end":{"line":226,"column":null}},"69":{"start":{"line":228,"column":4},"end":{"line":228,"column":null}}},"fnMap":{"0":{"name":"(anonymous_0)","decl":{"start":{"line":32,"column":8},"end":{"line":32,"column":36}},"loc":{"start":{"line":32,"column":36},"end":{"line":35,"column":null}},"line":32},"1":{"name":"(anonymous_1)","decl":{"start":{"line":39,"column":8},"end":{"line":39,"column":43}},"loc":{"start":{"line":39,"column":43},"end":{"line":42,"column":null}},"line":39},"2":{"name":"(anonymous_2)","decl":{"start":{"line":46,"column":8},"end":{"line":46,"column":16}},"loc":{"start":{"line":46,"column":43},"end":{"line":49,"column":null}},"line":46},"3":{"name":"(anonymous_3)","decl":{"start":{"line":53,"column":8},"end":{"line":53,"column":19}},"loc":{"start":{"line":53,"column":54},"end":{"line":65,"column":null}},"line":53},"4":{"name":"(anonymous_4)","decl":{"start":{"line":69,"column":8},"end":{"line":69,"column":19}},"loc":{"start":{"line":69,"column":72},"end":{"line":81,"column":null}},"line":69},"5":{"name":"(anonymous_5)","decl":{"start":{"line":85,"column":8},"end":{"line":85,"column":20}},"loc":{"start":{"line":85,"column":66},"end":{"line":97,"column":null}},"line":85},"6":{"name":"(anonymous_6)","decl":{"start":{"line":101,"column":8},"end":{"line":101,"column":22}},"loc":{"start":{"line":101,"column":68},"end":{"line":113,"column":null}},"line":101},"7":{"name":"(anonymous_7)","decl":{"start":{"line":117,"column":8},"end":{"line":117,"column":null}},"loc":{"start":{"line":120,"column":34},"end":{"line":131,"column":null}},"line":120},"8":{"name":"(anonymous_8)","decl":{"start":{"line":135,"column":8},"end":{"line":135,"column":null}},"loc":{"start":{"line":137,"column":56},"end":{"line":149,"column":null}},"line":137},"9":{"name":"(anonymous_9)","decl":{"start":{"line":153,"column":8},"end":{"line":153,"column":26}},"loc":{"start":{"line":153,"column":60},"end":{"line":165,"column":null}},"line":153},"10":{"name":"(anonymous_10)","decl":{"start":{"line":169,"column":8},"end":{"line":169,"column":null}},"loc":{"start":{"line":174,"column":4},"end":{"line":186,"column":null}},"line":174},"11":{"name":"(anonymous_11)","decl":{"start":{"line":189,"column":8},"end":{"line":189,"column":23}},"loc":{"start":{"line":189,"column":63},"end":{"line":198,"column":null}},"line":189},"12":{"name":"(anonymous_12)","decl":{"start":{"line":201,"column":8},"end":{"line":201,"column":23}},"loc":{"start":{"line":201,"column":55},"end":{"line":211,"column":null}},"line":201},"13":{"name":"(anonymous_13)","decl":{"start":{"line":214,"column":8},"end":{"line":214,"column":22}},"loc":{"start":{"line":214,"column":76},"end":{"line":228,"column":null}},"line":214}},"branchMap":{"0":{"loc":{"start":{"line":34,"column":4},"end":{"line":34,"column":null}},"type":"if","locations":[{"start":{"line":34,"column":4},"end":{"line":34,"column":null}},{"start":{},"end":{}}],"line":34},"1":{"loc":{"start":{"line":41,"column":4},"end":{"line":41,"column":null}},"type":"if","locations":[{"start":{"line":41,"column":4},"end":{"line":41,"column":null}},{"start":{},"end":{}}],"line":41},"2":{"loc":{"start":{"line":48,"column":4},"end":{"line":48,"column":null}},"type":"if","locations":[{"start":{"line":48,"column":4},"end":{"line":48,"column":null}},{"start":{},"end":{}}],"line":48},"3":{"loc":{"start":{"line":61,"column":4},"end":{"line":63,"column":null}},"type":"if","locations":[{"start":{"line":61,"column":4},"end":{"line":63,"column":null}},{"start":{},"end":{}}],"line":61},"4":{"loc":{"start":{"line":63,"column":22},"end":{"line":63,"column":63}},"type":"binary-expr","locations":[{"start":{"line":63,"column":22},"end":{"line":63,"column":39}},{"start":{"line":63,"column":39},"end":{"line":63,"column":63}}],"line":63},"5":{"loc":{"start":{"line":77,"column":4},"end":{"line":79,"column":null}},"type":"if","locations":[{"start":{"line":77,"column":4},"end":{"line":79,"column":null}},{"start":{},"end":{}}],"line":77},"6":{"loc":{"start":{"line":79,"column":22},"end":{"line":79,"column":63}},"type":"binary-expr","locations":[{"start":{"line":79,"column":22},"end":{"line":79,"column":39}},{"start":{"line":79,"column":39},"end":{"line":79,"column":63}}],"line":79},"7":{"loc":{"start":{"line":93,"column":4},"end":{"line":95,"column":null}},"type":"if","locations":[{"start":{"line":93,"column":4},"end":{"line":95,"column":null}},{"start":{},"end":{}}],"line":93},"8":{"loc":{"start":{"line":95,"column":22},"end":{"line":95,"column":64}},"type":"binary-expr","locations":[{"start":{"line":95,"column":22},"end":{"line":95,"column":39}},{"start":{"line":95,"column":39},"end":{"line":95,"column":64}}],"line":95},"9":{"loc":{"start":{"line":109,"column":4},"end":{"line":111,"column":null}},"type":"if","locations":[{"start":{"line":109,"column":4},"end":{"line":111,"column":null}},{"start":{},"end":{}}],"line":109},"10":{"loc":{"start":{"line":111,"column":22},"end":{"line":111,"column":66}},"type":"binary-expr","locations":[{"start":{"line":111,"column":22},"end":{"line":111,"column":39}},{"start":{"line":111,"column":39},"end":{"line":111,"column":66}}],"line":111},"11":{"loc":{"start":{"line":121,"column":16},"end":{"line":123,"column":null}},"type":"cond-expr","locations":[{"start":{"line":122,"column":8},"end":{"line":122,"column":null}},{"start":{"line":123,"column":8},"end":{"line":123,"column":null}}],"line":121},"12":{"loc":{"start":{"line":127,"column":4},"end":{"line":129,"column":null}},"type":"if","locations":[{"start":{"line":127,"column":4},"end":{"line":129,"column":null}},{"start":{},"end":{}}],"line":127},"13":{"loc":{"start":{"line":129,"column":22},"end":{"line":129,"column":63}},"type":"binary-expr","locations":[{"start":{"line":129,"column":22},"end":{"line":129,"column":39}},{"start":{"line":129,"column":39},"end":{"line":129,"column":63}}],"line":129},"14":{"loc":{"start":{"line":145,"column":4},"end":{"line":147,"column":null}},"type":"if","locations":[{"start":{"line":145,"column":4},"end":{"line":147,"column":null}},{"start":{},"end":{}}],"line":145},"15":{"loc":{"start":{"line":147,"column":22},"end":{"line":147,"column":64}},"type":"binary-expr","locations":[{"start":{"line":147,"column":22},"end":{"line":147,"column":39}},{"start":{"line":147,"column":39},"end":{"line":147,"column":64}}],"line":147},"16":{"loc":{"start":{"line":161,"column":4},"end":{"line":163,"column":null}},"type":"if","locations":[{"start":{"line":161,"column":4},"end":{"line":163,"column":null}},{"start":{},"end":{}}],"line":161},"17":{"loc":{"start":{"line":163,"column":22},"end":{"line":163,"column":71}},"type":"binary-expr","locations":[{"start":{"line":163,"column":22},"end":{"line":163,"column":39}},{"start":{"line":163,"column":39},"end":{"line":163,"column":71}}],"line":163},"18":{"loc":{"start":{"line":173,"column":4},"end":{"line":173,"column":null}},"type":"default-arg","locations":[{"start":{"line":173,"column":19},"end":{"line":173,"column":null}}],"line":173},"19":{"loc":{"start":{"line":182,"column":4},"end":{"line":184,"column":null}},"type":"if","locations":[{"start":{"line":182,"column":4},"end":{"line":184,"column":null}},{"start":{},"end":{}}],"line":182},"20":{"loc":{"start":{"line":184,"column":22},"end":{"line":184,"column":65}},"type":"binary-expr","locations":[{"start":{"line":184,"column":22},"end":{"line":184,"column":39}},{"start":{"line":184,"column":39},"end":{"line":184,"column":65}}],"line":184},"21":{"loc":{"start":{"line":191,"column":4},"end":{"line":192,"column":null}},"type":"if","locations":[{"start":{"line":191,"column":4},"end":{"line":192,"column":null}},{"start":{},"end":{}}],"line":191},"22":{"loc":{"start":{"line":195,"column":4},"end":{"line":196,"column":null}},"type":"if","locations":[{"start":{"line":195,"column":4},"end":{"line":196,"column":null}},{"start":{},"end":{}}],"line":195},"23":{"loc":{"start":{"line":208,"column":4},"end":{"line":209,"column":null}},"type":"if","locations":[{"start":{"line":208,"column":4},"end":{"line":209,"column":null}},{"start":{},"end":{}}],"line":208},"24":{"loc":{"start":{"line":225,"column":4},"end":{"line":226,"column":null}},"type":"if","locations":[{"start":{"line":225,"column":4},"end":{"line":226,"column":null}},{"start":{},"end":{}}],"line":225}},"s":{"0":1,"1":1,"2":2,"3":1,"4":1,"5":1,"6":0,"7":0,"8":0,"9":0,"10":2,"11":2,"12":1,"13":1,"14":2,"15":2,"16":1,"17":1,"18":1,"19":2,"20":2,"21":1,"22":1,"23":1,"24":2,"25":2,"26":1,"27":1,"28":1,"29":2,"30":2,"31":1,"32":1,"33":1,"34":2,"35":2,"36":2,"37":1,"38":1,"39":1,"40":2,"41":2,"42":1,"43":1,"44":1,"45":2,"46":2,"47":1,"48":1,"49":1,"50":2,"51":2,"52":1,"53":1,"54":1,"55":3,"56":3,"57":1,"58":3,"59":3,"60":1,"61":2,"62":2,"63":2,"64":1,"65":1,"66":2,"67":2,"68":1,"69":1},"f":{"0":2,"1":0,"2":2,"3":2,"4":2,"5":2,"6":2,"7":2,"8":2,"9":2,"10":2,"11":3,"12":2,"13":2},"b":{"0":[0,1],"1":[0,0],"2":[1,1],"3":[1,1],"4":[1,0],"5":[1,1],"6":[1,0],"7":[1,1],"8":[1,1],"9":[1,1],"10":[1,1],"11":[2,0],"12":[1,1],"13":[1,0],"14":[1,1],"15":[1,0],"16":[1,1],"17":[1,0],"18":[2],"19":[1,1],"20":[1,0],"21":[1,2],"22":[1,2],"23":[1,1],"24":[1,1]},"meta":{"lastBranch":25,"lastFunction":14,"lastStatement":70,"seen":{"s:3:21:3:Infinity":0,"s:30:19:230:Infinity":1,"f:32:8:32:36":0,"s:33:21:33:57":2,"b:34:4:34:Infinity:undefined:undefined:undefined:undefined":0,"s:34:4:34:Infinity":3,"s:34:22:34:Infinity":4,"s:35:4:35:Infinity":5,"f:39:8:39:43":1,"s:40:21:40:70":6,"b:41:4:41:Infinity:undefined:undefined:undefined:undefined":1,"s:41:4:41:Infinity":7,"s:41:22:41:Infinity":8,"s:42:4:42:Infinity":9,"f:46:8:46:16":2,"s:47:21:47:63":10,"b:48:4:48:Infinity:undefined:undefined:undefined:undefined":2,"s:48:4:48:Infinity":11,"s:48:22:48:Infinity":12,"s:49:4:49:Infinity":13,"f:53:8:53:19":3,"s:54:21:60:6":14,"b:61:4:63:Infinity:undefined:undefined:undefined:undefined":3,"s:61:4:63:Infinity":15,"s:62:20:62:41":16,"s:63:6:63:Infinity":17,"b:63:22:63:39:63:39:63:63":4,"s:65:4:65:Infinity":18,"f:69:8:69:19":4,"s:70:21:76:6":19,"b:77:4:79:Infinity:undefined:undefined:undefined:undefined":5,"s:77:4:79:Infinity":20,"s:78:20:78:41":21,"s:79:6:79:Infinity":22,"b:79:22:79:39:79:39:79:63":6,"s:81:4:81:Infinity":23,"f:85:8:85:20":5,"s:86:21:92:6":24,"b:93:4:95:Infinity:undefined:undefined:undefined:undefined":7,"s:93:4:95:Infinity":25,"s:94:20:94:41":26,"s:95:6:95:Infinity":27,"b:95:22:95:39:95:39:95:64":8,"s:97:4:97:Infinity":28,"f:101:8:101:22":6,"s:102:21:108:6":29,"b:109:4:111:Infinity:undefined:undefined:undefined:undefined":9,"s:109:4:111:Infinity":30,"s:110:20:110:41":31,"s:111:6:111:Infinity":32,"b:111:22:111:39:111:39:111:66":10,"s:113:4:113:Infinity":33,"f:117:8:117:Infinity":7,"s:121:16:123:Infinity":34,"b:122:8:122:Infinity:123:8:123:Infinity":11,"s:124:21:126:6":35,"b:127:4:129:Infinity:undefined:undefined:undefined:undefined":12,"s:127:4:129:Infinity":36,"s:128:20:128:41":37,"s:129:6:129:Infinity":38,"b:129:22:129:39:129:39:129:63":13,"s:131:4:131:Infinity":39,"f:135:8:135:Infinity":8,"s:138:21:144:6":40,"b:145:4:147:Infinity:undefined:undefined:undefined:undefined":14,"s:145:4:147:Infinity":41,"s:146:20:146:41":42,"s:147:6:147:Infinity":43,"b:147:22:147:39:147:39:147:64":15,"s:149:4:149:Infinity":44,"f:153:8:153:26":9,"s:154:21:160:6":45,"b:161:4:163:Infinity:undefined:undefined:undefined:undefined":16,"s:161:4:163:Infinity":46,"s:162:20:162:41":47,"s:163:6:163:Infinity":48,"b:163:22:163:39:163:39:163:71":17,"s:165:4:165:Infinity":49,"f:169:8:169:Infinity":10,"b:173:19:173:Infinity":18,"s:175:21:181:6":50,"b:182:4:184:Infinity:undefined:undefined:undefined:undefined":19,"s:182:4:184:Infinity":51,"s:183:20:183:41":52,"s:184:6:184:Infinity":53,"b:184:22:184:39:184:39:184:65":20,"s:186:4:186:Infinity":54,"f:189:8:189:23":11,"s:190:14:190:Infinity":55,"b:191:4:192:Infinity:undefined:undefined:undefined:undefined":21,"s:191:4:192:Infinity":56,"s:192:6:192:Infinity":57,"s:194:21:194:37":58,"b:195:4:196:Infinity:undefined:undefined:undefined:undefined":22,"s:195:4:196:Infinity":59,"s:196:6:196:Infinity":60,"s:198:4:198:Infinity":61,"f:201:8:201:23":12,"s:202:21:206:Infinity":62,"b:208:4:209:Infinity:undefined:undefined:undefined:undefined":23,"s:208:4:209:Infinity":63,"s:209:6:209:Infinity":64,"s:211:4:211:Infinity":65,"f:214:8:214:22":13,"s:215:21:223:Infinity":66,"b:225:4:226:Infinity:undefined:undefined:undefined:undefined":24,"s:225:4:226:Infinity":67,"s:226:6:226:Infinity":68,"s:228:4:228:Infinity":69}}}
,"/home/julien/Documents/MyRepos/bingo-builder/frontend/src/utils/playerName.ts": {"path":"/home/julien/Documents/MyRepos/bingo-builder/frontend/src/utils/playerName.ts","statementMap":{"0":{"start":{"line":3,"column":24},"end":{"line":3,"column":null}},"1":{"start":{"line":4,"column":31},"end":{"line":4,"column":null}},"2":{"start":{"line":6,"column":31},"end":{"line":38,"column":null}},"3":{"start":{"line":11,"column":18},"end":{"line":11,"column":76}},"4":{"start":{"line":12,"column":4},"end":{"line":12,"column":null}},"5":{"start":{"line":17,"column":4},"end":{"line":17,"column":null}},"6":{"start":{"line":22,"column":4},"end":{"line":24,"column":null}},"7":{"start":{"line":23,"column":6},"end":{"line":23,"column":null}},"8":{"start":{"line":24,"column":6},"end":{"line":24,"column":null}},"9":{"start":{"line":26,"column":4},"end":{"line":26,"column":null}},"10":{"start":{"line":31,"column":4},"end":{"line":31,"column":null}},"11":{"start":{"line":36,"column":4},"end":{"line":36,"column":null}}},"fnMap":{"0":{"name":"(anonymous_0)","decl":{"start":{"line":8,"column":2},"end":{"line":8,"column":14}},"loc":{"start":{"line":8,"column":37},"end":{"line":12,"column":null}},"line":8},"1":{"name":"(anonymous_1)","decl":{"start":{"line":16,"column":2},"end":{"line":16,"column":26}},"loc":{"start":{"line":16,"column":26},"end":{"line":17,"column":null}},"line":16},"2":{"name":"(anonymous_2)","decl":{"start":{"line":21,"column":2},"end":{"line":21,"column":17}},"loc":{"start":{"line":21,"column":40},"end":{"line":26,"column":null}},"line":21},"3":{"name":"(anonymous_3)","decl":{"start":{"line":30,"column":2},"end":{"line":30,"column":27}},"loc":{"start":{"line":30,"column":27},"end":{"line":31,"column":null}},"line":30},"4":{"name":"(anonymous_4)","decl":{"start":{"line":35,"column":2},"end":{"line":35,"column":26}},"loc":{"start":{"line":35,"column":26},"end":{"line":36,"column":null}},"line":35}},"branchMap":{"0":{"loc":{"start":{"line":17,"column":11},"end":{"line":17,"column":null}},"type":"binary-expr","locations":[{"start":{"line":17,"column":11},"end":{"line":17,"column":48}},{"start":{"line":17,"column":52},"end":{"line":17,"column":null}}],"line":17},"1":{"loc":{"start":{"line":22,"column":4},"end":{"line":24,"column":null}},"type":"if","locations":[{"start":{"line":22,"column":4},"end":{"line":24,"column":null}},{"start":{},"end":{}}],"line":22},"2":{"loc":{"start":{"line":22,"column":8},"end":{"line":22,"column":38}},"type":"binary-expr","locations":[{"start":{"line":22,"column":8},"end":{"line":22,"column":16}},{"start":{"line":22,"column":16},"end":{"line":22,"column":38}}],"line":22}},"s":{"0":1,"1":1,"2":1,"3":6,"4":6,"5":3,"6":7,"7":5,"8":5,"9":2,"10":4,"11":2},"f":{"0":6,"1":3,"2":7,"3":4,"4":2},"b":{"0":[3,2],"1":[5,2],"2":[7,6]},"meta":{"lastBranch":3,"lastFunction":5,"lastStatement":12,"seen":{"s:3:24:3:Infinity":0,"s:4:31:4:Infinity":1,"s:6:31:38:Infinity":2,"f:8:2:8:14":0,"s:11:18:11:76":3,"s:12:4:12:Infinity":4,"f:16:2:16:26":1,"s:17:4:17:Infinity":5,"b:17:11:17:48:17:52:17:Infinity":0,"f:21:2:21:17":2,"b:22:4:24:Infinity:undefined:undefined:undefined:undefined":1,"s:22:4:24:Infinity":6,"b:22:8:22:16:22:16:22:38":2,"s:23:6:23:Infinity":7,"s:24:6:24:Infinity":8,"s:26:4:26:Infinity":9,"f:30:2:30:27":3,"s:31:4:31:Infinity":10,"f:35:2:35:26":4,"s:36:4:36:Infinity":11}}}
}
