TN:
SF:src/components/BingoCardPreview.tsx
FN:10,BingoCardPreview
FN:24,(anonymous_1)
FNF:2
FNH:2
FNDA:5,BingoCardPreview
FNDA:46,(anonymous_1)
DA:16,5
DA:25,46
DA:26,46
LF:3
LH:3
BRDA:14,0,0,5
BRDA:29,1,0,2
BRDA:29,1,1,44
BRDA:29,2,0,46
BRDA:29,2,1,44
BRDA:29,3,0,2
BRDA:29,3,1,44
BRDA:30,4,0,46
BRDA:30,4,1,2
BRDA:32,5,0,44
BRDA:32,5,1,2
BRDA:32,6,0,46
BRDA:32,6,1,44
BRDA:34,7,0,0
BRDA:34,7,1,44
BRF:15
BRH:14
end_of_record
TN:
SF:src/components/BingoGridControls.tsx
FN:17,BingoGridControls
FN:26,(anonymous_1)
FN:27,(anonymous_2)
FN:37,(anonymous_3)
FN:51,(anonymous_4)
FN:59,(anonymous_5)
FN:73,(anonymous_6)
FN:81,(anonymous_7)
FNF:8
FNH:6
FNDA:12,BingoGridControls
FNDA:108,(anonymous_1)
FNDA:108,(anonymous_2)
FNDA:1,(anonymous_3)
FNDA:1,(anonymous_4)
FNDA:0,(anonymous_5)
FNDA:0,(anonymous_6)
FNDA:1,(anonymous_7)
DA:26,108
DA:27,108
DA:28,12
DA:30,12
DA:37,1
DA:51,1
DA:59,0
DA:73,0
DA:81,1
LF:9
LH:7
BRDA:24,0,0,12
BRDA:103,1,0,2
BRDA:103,1,1,10
BRDA:105,2,0,1
BRDA:105,2,1,1
BRF:5
BRH:5
end_of_record
TN:
SF:src/components/BingoGridEditor.tsx
FN:15,BingoGridEditor
FN:22,(anonymous_1)
FN:24,(anonymous_2)
FN:39,(anonymous_3)
FN:43,(anonymous_4)
FN:47,(anonymous_5)
FNF:6
FNH:6
FNDA:7,BingoGridEditor
FNDA:6,(anonymous_1)
FNDA:2,(anonymous_2)
FNDA:30,(anonymous_3)
FNDA:2,(anonymous_4)
FNDA:1,(anonymous_5)
DA:22,7
DA:24,7
DA:26,2
DA:27,1
DA:31,7
DA:40,30
DA:43,2
DA:47,1
LF:8
LH:8
BRDA:26,0,0,1
BRDA:26,0,1,1
BRDA:26,1,0,2
BRDA:26,1,1,2
BRDA:51,2,0,30
BRDA:51,2,1,4
BRF:6
BRH:6
end_of_record
TN:
SF:src/utils/api.ts
FN:23,(anonymous_0)
FN:30,(anonymous_1)
FN:37,(anonymous_2)
FN:53,(anonymous_3)
FN:69,(anonymous_4)
FN:85,(anonymous_5)
FN:101,(anonymous_6)
FN:119,(anonymous_7)
FN:137,(anonymous_8)
FN:153,(anonymous_9)
FN:173,(anonymous_10)
FN:185,(anonymous_11)
FN:198,(anonymous_12)
FNF:13
FNH:13
FNDA:2,(anonymous_0)
FNDA:2,(anonymous_1)
FNDA:2,(anonymous_2)
FNDA:2,(anonymous_3)
FNDA:2,(anonymous_4)
FNDA:2,(anonymous_5)
FNDA:2,(anonymous_6)
FNDA:2,(anonymous_7)
FNDA:2,(anonymous_8)
FNDA:2,(anonymous_9)
FNDA:3,(anonymous_10)
FNDA:2,(anonymous_11)
FNDA:2,(anonymous_12)
DA:3,1
DA:21,1
DA:24,2
DA:25,1
DA:26,1
DA:31,2
DA:32,2
DA:33,1
DA:38,2
DA:45,2
DA:46,1
DA:47,1
DA:49,1
DA:54,2
DA:61,2
DA:62,1
DA:63,1
DA:65,1
DA:70,2
DA:77,2
DA:78,1
DA:79,1
DA:81,1
DA:86,2
DA:93,2
DA:94,1
DA:95,1
DA:97,1
DA:105,2
DA:108,2
DA:111,2
DA:112,1
DA:113,1
DA:115,1
DA:122,2
DA:129,2
DA:130,1
DA:131,1
DA:133,1
DA:138,2
DA:145,2
DA:146,1
DA:147,1
DA:149,1
DA:159,2
DA:166,2
DA:167,1
DA:168,1
DA:170,1
DA:174,3
DA:175,3
DA:176,1
DA:178,3
DA:179,3
DA:180,1
DA:182,2
DA:186,2
DA:192,2
DA:193,1
DA:195,1
DA:199,2
DA:209,2
DA:210,1
DA:212,1
LF:64
LH:64
BRDA:25,0,0,0
BRDA:25,0,1,1
BRDA:32,1,0,1
BRDA:32,1,1,1
BRDA:45,2,0,1
BRDA:45,2,1,1
BRDA:47,3,0,1
BRDA:47,3,1,0
BRDA:61,4,0,1
BRDA:61,4,1,1
BRDA:63,5,0,1
BRDA:63,5,1,0
BRDA:77,6,0,1
BRDA:77,6,1,1
BRDA:79,7,0,1
BRDA:79,7,1,1
BRDA:93,8,0,1
BRDA:93,8,1,1
BRDA:95,9,0,1
BRDA:95,9,1,1
BRDA:105,10,0,2
BRDA:105,10,1,0
BRDA:111,11,0,1
BRDA:111,11,1,1
BRDA:113,12,0,1
BRDA:113,12,1,0
BRDA:129,13,0,1
BRDA:129,13,1,1
BRDA:131,14,0,1
BRDA:131,14,1,0
BRDA:145,15,0,1
BRDA:145,15,1,1
BRDA:147,16,0,1
BRDA:147,16,1,0
BRDA:157,17,0,2
BRDA:166,18,0,1
BRDA:166,18,1,1
BRDA:168,19,0,1
BRDA:168,19,1,0
BRDA:175,20,0,1
BRDA:175,20,1,2
BRDA:179,21,0,1
BRDA:179,21,1,2
BRDA:192,22,0,1
BRDA:192,22,1,1
BRDA:209,23,0,1
BRDA:209,23,1,1
BRF:47
BRH:39
end_of_record
TN:
SF:src/utils/playerName.ts
FN:5,(anonymous_0)
FN:13,(anonymous_1)
FN:18,(anonymous_2)
FN:27,(anonymous_3)
FN:32,(anonymous_4)
FNF:5
FNH:5
FNDA:6,(anonymous_0)
FNDA:3,(anonymous_1)
FNDA:7,(anonymous_2)
FNDA:4,(anonymous_3)
FNDA:2,(anonymous_4)
DA:1,1
DA:3,1
DA:8,6
DA:9,6
DA:14,3
DA:19,7
DA:20,5
DA:21,5
DA:23,2
DA:28,4
DA:33,2
LF:11
LH:11
BRDA:14,0,0,3
BRDA:14,0,1,2
BRDA:19,1,0,5
BRDA:19,1,1,2
BRDA:19,2,0,7
BRDA:19,2,1,6
BRF:6
BRH:6
end_of_record
