TN:
SF:src/config.ts
FN:22,(anonymous_0)
FN:28,(anonymous_1)
FN:46,(anonymous_2)
FN:61,(anonymous_3)
FN:75,(anonymous_4)
FN:87,(anonymous_5)
FN:91,(anonymous_6)
FN:95,(anonymous_7)
FN:99,(anonymous_8)
FN:104,(anonymous_9)
FN:108,(anonymous_10)
FN:112,(anonymous_11)
FN:116,(anonymous_12)
FN:120,(anonymous_13)
FN:124,(anonymous_14)
FN:129,(anonymous_15)
FNF:16
FNH:8
FNDA:3,(anonymous_0)
FNDA:3,(anonymous_1)
FNDA:24,(anonymous_2)
FNDA:3,(anonymous_3)
FNDA:18,(anonymous_4)
FNDA:0,(anonymous_5)
FNDA:0,(anonymous_6)
FNDA:0,(anonymous_7)
FNDA:0,(anonymous_8)
FNDA:12,(anonymous_9)
FNDA:30,(anonymous_10)
FNDA:1,(anonymous_11)
FNDA:0,(anonymous_12)
FNDA:0,(anonymous_13)
FNDA:0,(anonymous_14)
FNDA:0,(anonymous_15)
DA:24,3
DA:25,3
DA:29,3
DA:47,24
DA:48,24
DA:49,24
DA:51,0
DA:52,0
DA:53,0
DA:56,0
DA:58,0
DA:62,3
DA:65,3
DA:66,0
DA:70,3
DA:71,0
DA:75,3
DA:76,18
DA:77,0
DA:81,3
DA:82,0
DA:88,0
DA:92,0
DA:96,0
DA:100,0
DA:105,12
DA:109,30
DA:113,1
DA:117,0
DA:121,0
DA:125,0
DA:130,0
DA:135,3
LF:33
LH:16
BRDA:48,0,0,24
BRDA:48,0,1,0
BRDA:48,1,0,24
BRDA:48,1,1,0
BRDA:52,2,0,0
BRDA:52,2,1,0
BRDA:65,3,0,0
BRDA:65,3,1,3
BRDA:65,4,0,3
BRDA:65,4,1,3
BRDA:70,5,0,0
BRDA:70,5,1,3
BRDA:70,6,0,3
BRDA:70,6,1,3
BRDA:76,7,0,0
BRDA:76,7,1,18
BRDA:76,8,0,18
BRDA:76,8,1,18
BRDA:81,9,0,0
BRDA:81,9,1,3
BRF:20
BRH:12
end_of_record
TN:
SF:src/components/BingoCardPreview.tsx
FN:10,BingoCardPreview
FN:24,(anonymous_1)
FNF:2
FNH:2
FNDA:5,BingoCardPreview
FNDA:46,(anonymous_1)
DA:16,5
DA:25,46
DA:26,46
LF:3
LH:3
BRDA:14,0,0,5
BRDA:29,1,0,2
BRDA:29,1,1,44
BRDA:29,2,0,46
BRDA:29,2,1,44
BRDA:29,3,0,2
BRDA:29,3,1,44
BRDA:30,4,0,46
BRDA:30,4,1,2
BRDA:32,5,0,44
BRDA:32,5,1,2
BRDA:32,6,0,46
BRDA:32,6,1,44
BRDA:34,7,0,0
BRDA:34,7,1,44
BRF:15
BRH:14
end_of_record
TN:
SF:src/components/BingoGridControls.tsx
FN:18,BingoGridControls
FN:27,(anonymous_1)
FN:28,(anonymous_2)
FN:38,(anonymous_3)
FN:52,(anonymous_4)
FN:60,(anonymous_5)
FN:74,(anonymous_6)
FN:82,(anonymous_7)
FNF:8
FNH:6
FNDA:12,BingoGridControls
FNDA:108,(anonymous_1)
FNDA:108,(anonymous_2)
FNDA:1,(anonymous_3)
FNDA:1,(anonymous_4)
FNDA:0,(anonymous_5)
FNDA:0,(anonymous_6)
FNDA:1,(anonymous_7)
DA:27,108
DA:28,108
DA:29,12
DA:31,12
DA:38,1
DA:52,1
DA:60,0
DA:74,0
DA:82,1
LF:9
LH:7
BRDA:25,0,0,12
BRDA:104,1,0,2
BRDA:104,1,1,10
BRDA:106,2,0,1
BRDA:106,2,1,1
BRF:5
BRH:5
end_of_record
TN:
SF:src/components/BingoGridEditor.tsx
FN:16,BingoGridEditor
FN:23,(anonymous_1)
FN:25,(anonymous_2)
FN:40,(anonymous_3)
FN:44,(anonymous_4)
FN:48,(anonymous_5)
FNF:6
FNH:6
FNDA:7,BingoGridEditor
FNDA:6,(anonymous_1)
FNDA:2,(anonymous_2)
FNDA:30,(anonymous_3)
FNDA:2,(anonymous_4)
FNDA:1,(anonymous_5)
DA:23,7
DA:25,7
DA:27,2
DA:28,1
DA:32,7
DA:41,30
DA:44,2
DA:48,1
LF:8
LH:8
BRDA:27,0,0,1
BRDA:27,0,1,1
BRDA:27,1,0,2
BRDA:27,1,1,2
BRDA:52,2,0,30
BRDA:52,2,1,4
BRF:6
BRH:6
end_of_record
TN:
SF:src/utils/api.ts
FN:32,(anonymous_0)
FN:39,(anonymous_1)
FN:46,(anonymous_2)
FN:53,(anonymous_3)
FN:69,(anonymous_4)
FN:85,(anonymous_5)
FN:101,(anonymous_6)
FN:117,(anonymous_7)
FN:135,(anonymous_8)
FN:153,(anonymous_9)
FN:169,(anonymous_10)
FN:189,(anonymous_11)
FN:201,(anonymous_12)
FN:214,(anonymous_13)
FNF:14
FNH:13
FNDA:2,(anonymous_0)
FNDA:0,(anonymous_1)
FNDA:2,(anonymous_2)
FNDA:2,(anonymous_3)
FNDA:2,(anonymous_4)
FNDA:2,(anonymous_5)
FNDA:2,(anonymous_6)
FNDA:2,(anonymous_7)
FNDA:2,(anonymous_8)
FNDA:2,(anonymous_9)
FNDA:2,(anonymous_10)
FNDA:3,(anonymous_11)
FNDA:2,(anonymous_12)
FNDA:2,(anonymous_13)
DA:3,1
DA:30,1
DA:33,2
DA:34,1
DA:35,1
DA:40,0
DA:41,0
DA:42,0
DA:47,2
DA:48,2
DA:49,1
DA:54,2
DA:61,2
DA:62,1
DA:63,1
DA:65,1
DA:70,2
DA:77,2
DA:78,1
DA:79,1
DA:81,1
DA:86,2
DA:93,2
DA:94,1
DA:95,1
DA:97,1
DA:102,2
DA:109,2
DA:110,1
DA:111,1
DA:113,1
DA:121,2
DA:124,2
DA:127,2
DA:128,1
DA:129,1
DA:131,1
DA:138,2
DA:145,2
DA:146,1
DA:147,1
DA:149,1
DA:154,2
DA:161,2
DA:162,1
DA:163,1
DA:165,1
DA:175,2
DA:182,2
DA:183,1
DA:184,1
DA:186,1
DA:190,3
DA:191,3
DA:192,1
DA:194,3
DA:195,3
DA:196,1
DA:198,2
DA:202,2
DA:208,2
DA:209,1
DA:211,1
DA:215,2
DA:225,2
DA:226,1
DA:228,1
LF:67
LH:64
BRDA:34,0,0,0
BRDA:34,0,1,1
BRDA:41,1,0,0
BRDA:41,1,1,0
BRDA:48,2,0,1
BRDA:48,2,1,1
BRDA:61,3,0,1
BRDA:61,3,1,1
BRDA:63,4,0,1
BRDA:63,4,1,0
BRDA:77,5,0,1
BRDA:77,5,1,1
BRDA:79,6,0,1
BRDA:79,6,1,0
BRDA:93,7,0,1
BRDA:93,7,1,1
BRDA:95,8,0,1
BRDA:95,8,1,1
BRDA:109,9,0,1
BRDA:109,9,1,1
BRDA:111,10,0,1
BRDA:111,10,1,1
BRDA:121,11,0,2
BRDA:121,11,1,0
BRDA:127,12,0,1
BRDA:127,12,1,1
BRDA:129,13,0,1
BRDA:129,13,1,0
BRDA:145,14,0,1
BRDA:145,14,1,1
BRDA:147,15,0,1
BRDA:147,15,1,0
BRDA:161,16,0,1
BRDA:161,16,1,1
BRDA:163,17,0,1
BRDA:163,17,1,0
BRDA:173,18,0,2
BRDA:182,19,0,1
BRDA:182,19,1,1
BRDA:184,20,0,1
BRDA:184,20,1,0
BRDA:191,21,0,1
BRDA:191,21,1,2
BRDA:195,22,0,1
BRDA:195,22,1,2
BRDA:208,23,0,1
BRDA:208,23,1,1
BRDA:225,24,0,1
BRDA:225,24,1,1
BRF:49
BRH:39
end_of_record
TN:
SF:src/utils/playerName.ts
FN:8,(anonymous_0)
FN:16,(anonymous_1)
FN:21,(anonymous_2)
FN:30,(anonymous_3)
FN:35,(anonymous_4)
FNF:5
FNH:5
FNDA:6,(anonymous_0)
FNDA:3,(anonymous_1)
FNDA:7,(anonymous_2)
FNDA:4,(anonymous_3)
FNDA:2,(anonymous_4)
DA:3,1
DA:4,1
DA:6,1
DA:11,6
DA:12,6
DA:17,3
DA:22,7
DA:23,5
DA:24,5
DA:26,2
DA:31,4
DA:36,2
LF:12
LH:12
BRDA:17,0,0,3
BRDA:17,0,1,2
BRDA:22,1,0,5
BRDA:22,1,1,2
BRDA:22,2,0,7
BRDA:22,2,1,6
BRF:6
BRH:6
end_of_record
