{"/home/julien/Documents/MyRepos/bingo-builder/backend/models/Card.ts": {"path":"/home/julien/Documents/MyRepos/bingo-builder/backend/models/Card.ts","statementMap":{"0":{"start":{"line":3,"column":19},"end":{"line":13,"column":2}},"1":{"start":{"line":15,"column":19},"end":{"line":50,"column":null}},"2":{"start":{"line":54,"column":0},"end":{"line":56,"column":null}},"3":{"start":{"line":55,"column":2},"end":{"line":55,"column":null}},"4":{"start":{"line":59,"column":0},"end":{"line":70,"column":null}},"5":{"start":{"line":60,"column":24},"end":{"line":60,"column":null}},"6":{"start":{"line":61,"column":2},"end":{"line":68,"column":null}},"7":{"start":{"line":62,"column":4},"end":{"line":66,"column":null}},"8":{"start":{"line":68,"column":4},"end":{"line":68,"column":null}},"9":{"start":{"line":72,"column":13},"end":{"line":72,"column":47}}},"fnMap":{"0":{"name":"(anonymous_0)","decl":{"start":{"line":54,"column":37},"end":{"line":54,"column":49}},"loc":{"start":{"line":54,"column":49},"end":{"line":56,"column":null}},"line":54},"1":{"name":"(anonymous_1)","decl":{"start":{"line":59,"column":23},"end":{"line":59,"column":33}},"loc":{"start":{"line":59,"column":39},"end":{"line":70,"column":null}},"line":59}},"branchMap":{"0":{"loc":{"start":{"line":61,"column":2},"end":{"line":68,"column":null}},"type":"if","locations":[{"start":{"line":61,"column":2},"end":{"line":68,"column":null}},{"start":{"line":67,"column":9},"end":{"line":68,"column":null}}],"line":61}},"s":{"0":2,"1":2,"2":2,"3":0,"4":2,"5":28,"6":28,"7":0,"8":28,"9":2},"f":{"0":0,"1":28},"b":{"0":[0,28]},"meta":{"lastBranch":1,"lastFunction":2,"lastStatement":10,"seen":{"s:3:19:13:2":0,"s:15:19:50:Infinity":1,"s:54:0:56:Infinity":2,"f:54:37:54:49":0,"s:55:2:55:Infinity":3,"s:59:0:70:Infinity":4,"f:59:23:59:33":1,"s:60:24:60:Infinity":5,"b:61:2:68:Infinity:67:9:68:Infinity":0,"s:61:2:68:Infinity":6,"s:62:4:66:Infinity":7,"s:68:4:68:Infinity":8,"s:72:13:72:47":9}}}
,"/home/julien/Documents/MyRepos/bingo-builder/backend/routes/cards.ts": {"path":"/home/julien/Documents/MyRepos/bingo-builder/backend/routes/cards.ts","statementMap":{"0":{"start":{"line":4,"column":15},"end":{"line":4,"column":31}},"1":{"start":{"line":7,"column":0},"end":{"line":14,"column":null}},"2":{"start":{"line":8,"column":2},"end":{"line":12,"column":null}},"3":{"start":{"line":9,"column":18},"end":{"line":9,"column":59}},"4":{"start":{"line":10,"column":4},"end":{"line":10,"column":null}},"5":{"start":{"line":12,"column":4},"end":{"line":12,"column":null}},"6":{"start":{"line":17,"column":0},"end":{"line":27,"column":null}},"7":{"start":{"line":18,"column":2},"end":{"line":25,"column":null}},"8":{"start":{"line":19,"column":17},"end":{"line":19,"column":51}},"9":{"start":{"line":20,"column":4},"end":{"line":21,"column":null}},"10":{"start":{"line":21,"column":6},"end":{"line":21,"column":null}},"11":{"start":{"line":23,"column":4},"end":{"line":23,"column":null}},"12":{"start":{"line":25,"column":4},"end":{"line":25,"column":null}},"13":{"start":{"line":30,"column":0},"end":{"line":60,"column":null}},"14":{"start":{"line":31,"column":53},"end":{"line":31,"column":null}},"15":{"start":{"line":34,"column":2},"end":{"line":35,"column":null}},"16":{"start":{"line":35,"column":4},"end":{"line":35,"column":null}},"17":{"start":{"line":39,"column":2},"end":{"line":42,"column":null}},"18":{"start":{"line":40,"column":4},"end":{"line":42,"column":null}},"19":{"start":{"line":45,"column":2},"end":{"line":58,"column":null}},"20":{"start":{"line":46,"column":17},"end":{"line":53,"column":6}},"21":{"start":{"line":55,"column":20},"end":{"line":55,"column":37}},"22":{"start":{"line":56,"column":4},"end":{"line":56,"column":null}},"23":{"start":{"line":58,"column":4},"end":{"line":58,"column":null}},"24":{"start":{"line":63,"column":0},"end":{"line":108,"column":null}},"25":{"start":{"line":64,"column":2},"end":{"line":106,"column":null}},"26":{"start":{"line":65,"column":17},"end":{"line":65,"column":51}},"27":{"start":{"line":66,"column":4},"end":{"line":67,"column":null}},"28":{"start":{"line":67,"column":6},"end":{"line":67,"column":null}},"29":{"start":{"line":71,"column":4},"end":{"line":72,"column":null}},"30":{"start":{"line":72,"column":6},"end":{"line":72,"column":null}},"31":{"start":{"line":76,"column":44},"end":{"line":76,"column":null}},"32":{"start":{"line":77,"column":4},"end":{"line":84,"column":null}},"33":{"start":{"line":82,"column":6},"end":{"line":84,"column":null}},"34":{"start":{"line":87,"column":55},"end":{"line":87,"column":null}},"35":{"start":{"line":89,"column":4},"end":{"line":89,"column":null}},"36":{"start":{"line":89,"column":15},"end":{"line":89,"column":null}},"37":{"start":{"line":90,"column":4},"end":{"line":90,"column":null}},"38":{"start":{"line":90,"column":33},"end":{"line":90,"column":null}},"39":{"start":{"line":91,"column":4},"end":{"line":91,"column":null}},"40":{"start":{"line":91,"column":14},"end":{"line":91,"column":null}},"41":{"start":{"line":92,"column":4},"end":{"line":92,"column":null}},"42":{"start":{"line":92,"column":17},"end":{"line":92,"column":null}},"43":{"start":{"line":93,"column":4},"end":{"line":100,"column":null}},"44":{"start":{"line":95,"column":6},"end":{"line":98,"column":null}},"45":{"start":{"line":96,"column":8},"end":{"line":98,"column":null}},"46":{"start":{"line":100,"column":6},"end":{"line":100,"column":null}},"47":{"start":{"line":103,"column":24},"end":{"line":103,"column":41}},"48":{"start":{"line":104,"column":4},"end":{"line":104,"column":null}},"49":{"start":{"line":106,"column":4},"end":{"line":106,"column":null}},"50":{"start":{"line":111,"column":0},"end":{"line":147,"column":null}},"51":{"start":{"line":112,"column":2},"end":{"line":145,"column":null}},"52":{"start":{"line":113,"column":17},"end":{"line":113,"column":51}},"53":{"start":{"line":114,"column":4},"end":{"line":115,"column":null}},"54":{"start":{"line":115,"column":6},"end":{"line":115,"column":null}},"55":{"start":{"line":118,"column":4},"end":{"line":119,"column":null}},"56":{"start":{"line":119,"column":6},"end":{"line":119,"column":null}},"57":{"start":{"line":123,"column":26},"end":{"line":123,"column":null}},"58":{"start":{"line":124,"column":4},"end":{"line":127,"column":null}},"59":{"start":{"line":125,"column":6},"end":{"line":127,"column":null}},"60":{"start":{"line":131,"column":23},"end":{"line":132,"column":null}},"61":{"start":{"line":132,"column":16},"end":{"line":132,"column":49}},"62":{"start":{"line":134,"column":4},"end":{"line":137,"column":null}},"63":{"start":{"line":135,"column":6},"end":{"line":137,"column":null}},"64":{"start":{"line":140,"column":4},"end":{"line":140,"column":null}},"65":{"start":{"line":141,"column":4},"end":{"line":141,"column":null}},"66":{"start":{"line":142,"column":26},"end":{"line":142,"column":43}},"67":{"start":{"line":143,"column":4},"end":{"line":143,"column":null}},"68":{"start":{"line":145,"column":4},"end":{"line":145,"column":null}},"69":{"start":{"line":150,"column":0},"end":{"line":176,"column":null}},"70":{"start":{"line":151,"column":2},"end":{"line":174,"column":null}},"71":{"start":{"line":152,"column":17},"end":{"line":152,"column":51}},"72":{"start":{"line":153,"column":4},"end":{"line":154,"column":null}},"73":{"start":{"line":154,"column":6},"end":{"line":154,"column":null}},"74":{"start":{"line":157,"column":4},"end":{"line":158,"column":null}},"75":{"start":{"line":158,"column":6},"end":{"line":158,"column":null}},"76":{"start":{"line":162,"column":26},"end":{"line":162,"column":null}},"77":{"start":{"line":163,"column":4},"end":{"line":166,"column":null}},"78":{"start":{"line":164,"column":6},"end":{"line":166,"column":null}},"79":{"start":{"line":169,"column":4},"end":{"line":169,"column":null}},"80":{"start":{"line":170,"column":4},"end":{"line":170,"column":null}},"81":{"start":{"line":171,"column":28},"end":{"line":171,"column":45}},"82":{"start":{"line":172,"column":4},"end":{"line":172,"column":null}},"83":{"start":{"line":174,"column":4},"end":{"line":174,"column":null}},"84":{"start":{"line":179,"column":0},"end":{"line":205,"column":null}},"85":{"start":{"line":180,"column":2},"end":{"line":203,"column":null}},"86":{"start":{"line":181,"column":17},"end":{"line":181,"column":51}},"87":{"start":{"line":182,"column":4},"end":{"line":183,"column":null}},"88":{"start":{"line":183,"column":6},"end":{"line":183,"column":null}},"89":{"start":{"line":186,"column":4},"end":{"line":189,"column":null}},"90":{"start":{"line":187,"column":6},"end":{"line":189,"column":null}},"91":{"start":{"line":193,"column":26},"end":{"line":193,"column":null}},"92":{"start":{"line":194,"column":4},"end":{"line":197,"column":null}},"93":{"start":{"line":195,"column":6},"end":{"line":197,"column":null}},"94":{"start":{"line":200,"column":4},"end":{"line":200,"column":null}},"95":{"start":{"line":201,"column":4},"end":{"line":201,"column":null}},"96":{"start":{"line":203,"column":4},"end":{"line":203,"column":null}},"97":{"start":{"line":208,"column":0},"end":{"line":226,"column":null}},"98":{"start":{"line":209,"column":2},"end":{"line":224,"column":null}},"99":{"start":{"line":210,"column":26},"end":{"line":210,"column":null}},"100":{"start":{"line":212,"column":4},"end":{"line":213,"column":null}},"101":{"start":{"line":213,"column":6},"end":{"line":213,"column":null}},"102":{"start":{"line":217,"column":19},"end":{"line":217,"column":73}},"103":{"start":{"line":219,"column":4},"end":{"line":222,"column":null}},"104":{"start":{"line":224,"column":4},"end":{"line":224,"column":null}},"105":{"start":{"line":229,"column":0},"end":{"line":252,"column":null}},"106":{"start":{"line":230,"column":2},"end":{"line":250,"column":null}},"107":{"start":{"line":231,"column":33},"end":{"line":231,"column":null}},"108":{"start":{"line":233,"column":4},"end":{"line":236,"column":null}},"109":{"start":{"line":234,"column":6},"end":{"line":236,"column":null}},"110":{"start":{"line":240,"column":19},"end":{"line":242,"column":null}},"111":{"start":{"line":245,"column":4},"end":{"line":248,"column":null}},"112":{"start":{"line":250,"column":4},"end":{"line":250,"column":null}}},"fnMap":{"0":{"name":"(anonymous_0)","decl":{"start":{"line":7,"column":16},"end":{"line":7,"column":23}},"loc":{"start":{"line":7,"column":37},"end":{"line":14,"column":null}},"line":7},"1":{"name":"(anonymous_1)","decl":{"start":{"line":17,"column":19},"end":{"line":17,"column":26}},"loc":{"start":{"line":17,"column":39},"end":{"line":27,"column":null}},"line":17},"2":{"name":"(anonymous_2)","decl":{"start":{"line":30,"column":17},"end":{"line":30,"column":24}},"loc":{"start":{"line":30,"column":37},"end":{"line":60,"column":null}},"line":30},"3":{"name":"(anonymous_3)","decl":{"start":{"line":63,"column":19},"end":{"line":63,"column":26}},"loc":{"start":{"line":63,"column":39},"end":{"line":108,"column":null}},"line":63},"4":{"name":"(anonymous_4)","decl":{"start":{"line":111,"column":28},"end":{"line":111,"column":35}},"loc":{"start":{"line":111,"column":48},"end":{"line":147,"column":null}},"line":111},"5":{"name":"(anonymous_5)","decl":{"start":{"line":131,"column":34},"end":{"line":131,"column":null}},"loc":{"start":{"line":132,"column":16},"end":{"line":132,"column":49}},"line":132},"6":{"name":"(anonymous_6)","decl":{"start":{"line":150,"column":30},"end":{"line":150,"column":37}},"loc":{"start":{"line":150,"column":50},"end":{"line":176,"column":null}},"line":150},"7":{"name":"(anonymous_7)","decl":{"start":{"line":179,"column":22},"end":{"line":179,"column":29}},"loc":{"start":{"line":179,"column":42},"end":{"line":205,"column":null}},"line":179},"8":{"name":"(anonymous_8)","decl":{"start":{"line":208,"column":34},"end":{"line":208,"column":41}},"loc":{"start":{"line":208,"column":54},"end":{"line":226,"column":null}},"line":208},"9":{"name":"(anonymous_9)","decl":{"start":{"line":229,"column":31},"end":{"line":229,"column":38}},"loc":{"start":{"line":229,"column":51},"end":{"line":252,"column":null}},"line":229}},"branchMap":{"0":{"loc":{"start":{"line":20,"column":4},"end":{"line":21,"column":null}},"type":"if","locations":[{"start":{"line":20,"column":4},"end":{"line":21,"column":null}},{"start":{},"end":{}}],"line":20},"1":{"loc":{"start":{"line":34,"column":2},"end":{"line":35,"column":null}},"type":"if","locations":[{"start":{"line":34,"column":2},"end":{"line":35,"column":null}},{"start":{},"end":{}}],"line":34},"2":{"loc":{"start":{"line":34,"column":6},"end":{"line":34,"column":45}},"type":"binary-expr","locations":[{"start":{"line":34,"column":6},"end":{"line":34,"column":16}},{"start":{"line":34,"column":16},"end":{"line":34,"column":25}},{"start":{"line":34,"column":25},"end":{"line":34,"column":37}},{"start":{"line":34,"column":37},"end":{"line":34,"column":45}}],"line":34},"3":{"loc":{"start":{"line":39,"column":2},"end":{"line":42,"column":null}},"type":"if","locations":[{"start":{"line":39,"column":2},"end":{"line":42,"column":null}},{"start":{},"end":{}}],"line":39},"4":{"loc":{"start":{"line":48,"column":17},"end":{"line":48,"column":null}},"type":"binary-expr","locations":[{"start":{"line":48,"column":17},"end":{"line":48,"column":30}},{"start":{"line":48,"column":30},"end":{"line":48,"column":null}}],"line":48},"5":{"loc":{"start":{"line":66,"column":4},"end":{"line":67,"column":null}},"type":"if","locations":[{"start":{"line":66,"column":4},"end":{"line":67,"column":null}},{"start":{},"end":{}}],"line":66},"6":{"loc":{"start":{"line":71,"column":4},"end":{"line":72,"column":null}},"type":"if","locations":[{"start":{"line":71,"column":4},"end":{"line":72,"column":null}},{"start":{},"end":{}}],"line":71},"7":{"loc":{"start":{"line":77,"column":4},"end":{"line":84,"column":null}},"type":"if","locations":[{"start":{"line":77,"column":4},"end":{"line":84,"column":null}},{"start":{},"end":{}}],"line":77},"8":{"loc":{"start":{"line":78,"column":6},"end":{"line":80,"column":null}},"type":"binary-expr","locations":[{"start":{"line":78,"column":6},"end":{"line":78,"column":null}},{"start":{"line":79,"column":6},"end":{"line":79,"column":null}},{"start":{"line":80,"column":6},"end":{"line":80,"column":null}}],"line":78},"9":{"loc":{"start":{"line":89,"column":4},"end":{"line":89,"column":null}},"type":"if","locations":[{"start":{"line":89,"column":4},"end":{"line":89,"column":null}},{"start":{},"end":{}}],"line":89},"10":{"loc":{"start":{"line":90,"column":4},"end":{"line":90,"column":null}},"type":"if","locations":[{"start":{"line":90,"column":4},"end":{"line":90,"column":null}},{"start":{},"end":{}}],"line":90},"11":{"loc":{"start":{"line":91,"column":4},"end":{"line":91,"column":null}},"type":"if","locations":[{"start":{"line":91,"column":4},"end":{"line":91,"column":null}},{"start":{},"end":{}}],"line":91},"12":{"loc":{"start":{"line":92,"column":4},"end":{"line":92,"column":null}},"type":"if","locations":[{"start":{"line":92,"column":4},"end":{"line":92,"column":null}},{"start":{},"end":{}}],"line":92},"13":{"loc":{"start":{"line":93,"column":4},"end":{"line":100,"column":null}},"type":"if","locations":[{"start":{"line":93,"column":4},"end":{"line":100,"column":null}},{"start":{},"end":{}}],"line":93},"14":{"loc":{"start":{"line":95,"column":6},"end":{"line":98,"column":null}},"type":"if","locations":[{"start":{"line":95,"column":6},"end":{"line":98,"column":null}},{"start":{},"end":{}}],"line":95},"15":{"loc":{"start":{"line":114,"column":4},"end":{"line":115,"column":null}},"type":"if","locations":[{"start":{"line":114,"column":4},"end":{"line":115,"column":null}},{"start":{},"end":{}}],"line":114},"16":{"loc":{"start":{"line":118,"column":4},"end":{"line":119,"column":null}},"type":"if","locations":[{"start":{"line":118,"column":4},"end":{"line":119,"column":null}},{"start":{},"end":{}}],"line":118},"17":{"loc":{"start":{"line":124,"column":4},"end":{"line":127,"column":null}},"type":"if","locations":[{"start":{"line":124,"column":4},"end":{"line":127,"column":null}},{"start":{},"end":{}}],"line":124},"18":{"loc":{"start":{"line":124,"column":8},"end":{"line":124,"column":69}},"type":"binary-expr","locations":[{"start":{"line":124,"column":8},"end":{"line":124,"column":26}},{"start":{"line":124,"column":26},"end":{"line":124,"column":39}},{"start":{"line":124,"column":39},"end":{"line":124,"column":69}}],"line":124},"19":{"loc":{"start":{"line":132,"column":16},"end":{"line":132,"column":49}},"type":"binary-expr","locations":[{"start":{"line":132,"column":16},"end":{"line":132,"column":31}},{"start":{"line":132,"column":31},"end":{"line":132,"column":49}}],"line":132},"20":{"loc":{"start":{"line":134,"column":4},"end":{"line":137,"column":null}},"type":"if","locations":[{"start":{"line":134,"column":4},"end":{"line":137,"column":null}},{"start":{},"end":{}}],"line":134},"21":{"loc":{"start":{"line":153,"column":4},"end":{"line":154,"column":null}},"type":"if","locations":[{"start":{"line":153,"column":4},"end":{"line":154,"column":null}},{"start":{},"end":{}}],"line":153},"22":{"loc":{"start":{"line":157,"column":4},"end":{"line":158,"column":null}},"type":"if","locations":[{"start":{"line":157,"column":4},"end":{"line":158,"column":null}},{"start":{},"end":{}}],"line":157},"23":{"loc":{"start":{"line":163,"column":4},"end":{"line":166,"column":null}},"type":"if","locations":[{"start":{"line":163,"column":4},"end":{"line":166,"column":null}},{"start":{},"end":{}}],"line":163},"24":{"loc":{"start":{"line":163,"column":8},"end":{"line":163,"column":69}},"type":"binary-expr","locations":[{"start":{"line":163,"column":8},"end":{"line":163,"column":26}},{"start":{"line":163,"column":26},"end":{"line":163,"column":39}},{"start":{"line":163,"column":39},"end":{"line":163,"column":69}}],"line":163},"25":{"loc":{"start":{"line":182,"column":4},"end":{"line":183,"column":null}},"type":"if","locations":[{"start":{"line":182,"column":4},"end":{"line":183,"column":null}},{"start":{},"end":{}}],"line":182},"26":{"loc":{"start":{"line":186,"column":4},"end":{"line":189,"column":null}},"type":"if","locations":[{"start":{"line":186,"column":4},"end":{"line":189,"column":null}},{"start":{},"end":{}}],"line":186},"27":{"loc":{"start":{"line":194,"column":4},"end":{"line":197,"column":null}},"type":"if","locations":[{"start":{"line":194,"column":4},"end":{"line":197,"column":null}},{"start":{},"end":{}}],"line":194},"28":{"loc":{"start":{"line":194,"column":8},"end":{"line":194,"column":69}},"type":"binary-expr","locations":[{"start":{"line":194,"column":8},"end":{"line":194,"column":26}},{"start":{"line":194,"column":26},"end":{"line":194,"column":39}},{"start":{"line":194,"column":39},"end":{"line":194,"column":69}}],"line":194},"29":{"loc":{"start":{"line":212,"column":4},"end":{"line":213,"column":null}},"type":"if","locations":[{"start":{"line":212,"column":4},"end":{"line":213,"column":null}},{"start":{},"end":{}}],"line":212},"30":{"loc":{"start":{"line":212,"column":8},"end":{"line":212,"column":39}},"type":"binary-expr","locations":[{"start":{"line":212,"column":8},"end":{"line":212,"column":22}},{"start":{"line":212,"column":22},"end":{"line":212,"column":39}}],"line":212},"31":{"loc":{"start":{"line":233,"column":4},"end":{"line":236,"column":null}},"type":"if","locations":[{"start":{"line":233,"column":4},"end":{"line":236,"column":null}},{"start":{},"end":{}}],"line":233},"32":{"loc":{"start":{"line":233,"column":8},"end":{"line":233,"column":66}},"type":"binary-expr","locations":[{"start":{"line":233,"column":8},"end":{"line":233,"column":20}},{"start":{"line":233,"column":20},"end":{"line":233,"column":35}},{"start":{"line":233,"column":39},"end":{"line":233,"column":51}},{"start":{"line":233,"column":51},"end":{"line":233,"column":66}}],"line":233}},"s":{"0":1,"1":1,"2":2,"3":2,"4":2,"5":0,"6":1,"7":3,"8":3,"9":2,"10":1,"11":1,"12":1,"13":1,"14":4,"15":4,"16":1,"17":3,"18":1,"19":2,"20":2,"21":4,"22":2,"23":0,"24":1,"25":5,"26":5,"27":5,"28":1,"29":4,"30":1,"31":3,"32":3,"33":1,"34":2,"35":2,"36":1,"37":2,"38":1,"39":2,"40":2,"41":2,"42":2,"43":2,"44":1,"45":1,"46":0,"47":1,"48":1,"49":0,"50":1,"51":5,"52":5,"53":5,"54":1,"55":4,"56":1,"57":3,"58":3,"59":1,"60":2,"61":8,"62":2,"63":1,"64":1,"65":1,"66":1,"67":1,"68":0,"69":1,"70":3,"71":3,"72":3,"73":0,"74":3,"75":1,"76":2,"77":2,"78":1,"79":1,"80":1,"81":1,"82":1,"83":0,"84":1,"85":4,"86":4,"87":4,"88":1,"89":3,"90":1,"91":2,"92":2,"93":1,"94":1,"95":1,"96":0,"97":1,"98":0,"99":0,"100":0,"101":0,"102":0,"103":0,"104":0,"105":1,"106":0,"107":0,"108":0,"109":0,"110":0,"111":0,"112":0},"f":{"0":2,"1":3,"2":4,"3":5,"4":5,"5":8,"6":3,"7":4,"8":0,"9":0},"b":{"0":[1,1],"1":[1,3],"2":[4,4,4,3],"3":[1,2],"4":[2,1],"5":[1,4],"6":[1,3],"7":[1,2],"8":[3,2,2],"9":[1,1],"10":[1,1],"11":[0,2],"12":[0,2],"13":[1,1],"14":[1,0],"15":[1,4],"16":[1,3],"17":[1,2],"18":[3,2,2],"19":[8,7],"20":[1,1],"21":[0,3],"22":[1,2],"23":[1,1],"24":[2,2,2],"25":[1,3],"26":[1,2],"27":[1,1],"28":[2,2,2],"29":[0,0],"30":[0,0],"31":[0,0],"32":[0,0,0,0]},"meta":{"lastBranch":33,"lastFunction":10,"lastStatement":113,"seen":{"s:4:15:4:31":0,"s:7:0:14:Infinity":1,"f:7:16:7:23":0,"s:8:2:12:Infinity":2,"s:9:18:9:59":3,"s:10:4:10:Infinity":4,"s:12:4:12:Infinity":5,"s:17:0:27:Infinity":6,"f:17:19:17:26":1,"s:18:2:25:Infinity":7,"s:19:17:19:51":8,"b:20:4:21:Infinity:undefined:undefined:undefined:undefined":0,"s:20:4:21:Infinity":9,"s:21:6:21:Infinity":10,"s:23:4:23:Infinity":11,"s:25:4:25:Infinity":12,"s:30:0:60:Infinity":13,"f:30:17:30:24":2,"s:31:53:31:Infinity":14,"b:34:2:35:Infinity:undefined:undefined:undefined:undefined":1,"s:34:2:35:Infinity":15,"b:34:6:34:16:34:16:34:25:34:25:34:37:34:37:34:45":2,"s:35:4:35:Infinity":16,"b:39:2:42:Infinity:undefined:undefined:undefined:undefined":3,"s:39:2:42:Infinity":17,"s:40:4:42:Infinity":18,"s:45:2:58:Infinity":19,"s:46:17:53:6":20,"b:48:17:48:30:48:30:48:Infinity":4,"s:55:20:55:37":21,"s:56:4:56:Infinity":22,"s:58:4:58:Infinity":23,"s:63:0:108:Infinity":24,"f:63:19:63:26":3,"s:64:2:106:Infinity":25,"s:65:17:65:51":26,"b:66:4:67:Infinity:undefined:undefined:undefined:undefined":5,"s:66:4:67:Infinity":27,"s:67:6:67:Infinity":28,"b:71:4:72:Infinity:undefined:undefined:undefined:undefined":6,"s:71:4:72:Infinity":29,"s:72:6:72:Infinity":30,"s:76:44:76:Infinity":31,"b:77:4:84:Infinity:undefined:undefined:undefined:undefined":7,"s:77:4:84:Infinity":32,"b:78:6:78:Infinity:79:6:79:Infinity:80:6:80:Infinity":8,"s:82:6:84:Infinity":33,"s:87:55:87:Infinity":34,"b:89:4:89:Infinity:undefined:undefined:undefined:undefined":9,"s:89:4:89:Infinity":35,"s:89:15:89:Infinity":36,"b:90:4:90:Infinity:undefined:undefined:undefined:undefined":10,"s:90:4:90:Infinity":37,"s:90:33:90:Infinity":38,"b:91:4:91:Infinity:undefined:undefined:undefined:undefined":11,"s:91:4:91:Infinity":39,"s:91:14:91:Infinity":40,"b:92:4:92:Infinity:undefined:undefined:undefined:undefined":12,"s:92:4:92:Infinity":41,"s:92:17:92:Infinity":42,"b:93:4:100:Infinity:undefined:undefined:undefined:undefined":13,"s:93:4:100:Infinity":43,"b:95:6:98:Infinity:undefined:undefined:undefined:undefined":14,"s:95:6:98:Infinity":44,"s:96:8:98:Infinity":45,"s:100:6:100:Infinity":46,"s:103:24:103:41":47,"s:104:4:104:Infinity":48,"s:106:4:106:Infinity":49,"s:111:0:147:Infinity":50,"f:111:28:111:35":4,"s:112:2:145:Infinity":51,"s:113:17:113:51":52,"b:114:4:115:Infinity:undefined:undefined:undefined:undefined":15,"s:114:4:115:Infinity":53,"s:115:6:115:Infinity":54,"b:118:4:119:Infinity:undefined:undefined:undefined:undefined":16,"s:118:4:119:Infinity":55,"s:119:6:119:Infinity":56,"s:123:26:123:Infinity":57,"b:124:4:127:Infinity:undefined:undefined:undefined:undefined":17,"s:124:4:127:Infinity":58,"b:124:8:124:26:124:26:124:39:124:39:124:69":18,"s:125:6:127:Infinity":59,"s:131:23:132:Infinity":60,"f:131:34:131:Infinity":5,"s:132:16:132:49":61,"b:132:16:132:31:132:31:132:49":19,"b:134:4:137:Infinity:undefined:undefined:undefined:undefined":20,"s:134:4:137:Infinity":62,"s:135:6:137:Infinity":63,"s:140:4:140:Infinity":64,"s:141:4:141:Infinity":65,"s:142:26:142:43":66,"s:143:4:143:Infinity":67,"s:145:4:145:Infinity":68,"s:150:0:176:Infinity":69,"f:150:30:150:37":6,"s:151:2:174:Infinity":70,"s:152:17:152:51":71,"b:153:4:154:Infinity:undefined:undefined:undefined:undefined":21,"s:153:4:154:Infinity":72,"s:154:6:154:Infinity":73,"b:157:4:158:Infinity:undefined:undefined:undefined:undefined":22,"s:157:4:158:Infinity":74,"s:158:6:158:Infinity":75,"s:162:26:162:Infinity":76,"b:163:4:166:Infinity:undefined:undefined:undefined:undefined":23,"s:163:4:166:Infinity":77,"b:163:8:163:26:163:26:163:39:163:39:163:69":24,"s:164:6:166:Infinity":78,"s:169:4:169:Infinity":79,"s:170:4:170:Infinity":80,"s:171:28:171:45":81,"s:172:4:172:Infinity":82,"s:174:4:174:Infinity":83,"s:179:0:205:Infinity":84,"f:179:22:179:29":7,"s:180:2:203:Infinity":85,"s:181:17:181:51":86,"b:182:4:183:Infinity:undefined:undefined:undefined:undefined":25,"s:182:4:183:Infinity":87,"s:183:6:183:Infinity":88,"b:186:4:189:Infinity:undefined:undefined:undefined:undefined":26,"s:186:4:189:Infinity":89,"s:187:6:189:Infinity":90,"s:193:26:193:Infinity":91,"b:194:4:197:Infinity:undefined:undefined:undefined:undefined":27,"s:194:4:197:Infinity":92,"b:194:8:194:26:194:26:194:39:194:39:194:69":28,"s:195:6:197:Infinity":93,"s:200:4:200:Infinity":94,"s:201:4:201:Infinity":95,"s:203:4:203:Infinity":96,"s:208:0:226:Infinity":97,"f:208:34:208:41":8,"s:209:2:224:Infinity":98,"s:210:26:210:Infinity":99,"b:212:4:213:Infinity:undefined:undefined:undefined:undefined":29,"s:212:4:213:Infinity":100,"b:212:8:212:22:212:22:212:39":30,"s:213:6:213:Infinity":101,"s:217:19:217:73":102,"s:219:4:222:Infinity":103,"s:224:4:224:Infinity":104,"s:229:0:252:Infinity":105,"f:229:31:229:38":9,"s:230:2:250:Infinity":106,"s:231:33:231:Infinity":107,"b:233:4:236:Infinity:undefined:undefined:undefined:undefined":31,"s:233:4:236:Infinity":108,"b:233:8:233:20:233:20:233:35:233:39:233:51:233:51:233:66":32,"s:234:6:236:Infinity":109,"s:240:19:242:Infinity":110,"s:245:4:248:Infinity":111,"s:250:4:250:Infinity":112}}}
}
