{"/home/julien/Documents/MyRepos/bingo-builder/backend/config/config.ts": {"path":"/home/julien/Documents/MyRepos/bingo-builder/backend/config/config.ts","statementMap":{"0":{"start":{"line":6,"column":6},"end":{"line":6,"column":49}},"1":{"start":{"line":7,"column":18},"end":{"line":7,"column":42}},"2":{"start":{"line":10,"column":6},"end":{"line":127,"column":2}},"3":{"start":{"line":130,"column":15},"end":{"line":130,"column":null}},"4":{"start":{"line":132,"column":2},"end":{"line":134,"column":43}},"5":{"start":{"line":136,"column":0},"end":{"line":136,"column":null}},"6":{"start":{"line":139,"column":0},"end":{"line":139,"column":null}}},"fnMap":{},"branchMap":{"0":{"loc":{"start":{"line":132,"column":2},"end":{"line":134,"column":43}},"type":"cond-expr","locations":[{"start":{"line":133,"column":6},"end":{"line":133,"column":48}},{"start":{"line":134,"column":6},"end":{"line":134,"column":43}}],"line":132}},"s":{"0":2,"1":2,"2":2,"3":2,"4":2,"5":2,"6":2},"f":{},"b":{"0":[2,0]},"meta":{"lastBranch":1,"lastFunction":0,"lastStatement":7,"seen":{"s:6:6:6:49":0,"s:7:18:7:42":1,"s:10:6:127:2":2,"s:130:15:130:Infinity":3,"s:132:2:134:43":4,"b:133:6:133:48:134:6:134:43":0,"s:136:0:136:Infinity":5,"s:139:0:139:Infinity":6}}}
,"/home/julien/Documents/MyRepos/bingo-builder/backend/middleware/rateLimiter.ts": {"path":"/home/julien/Documents/MyRepos/bingo-builder/backend/middleware/rateLimiter.ts","statementMap":{"0":{"start":{"line":6,"column":13},"end":{"line":16,"column":2}},"1":{"start":{"line":15,"column":14},"end":{"line":15,"column":null}},"2":{"start":{"line":20,"column":13},"end":{"line":30,"column":2}},"3":{"start":{"line":29,"column":14},"end":{"line":29,"column":null}},"4":{"start":{"line":34,"column":13},"end":{"line":43,"column":2}},"5":{"start":{"line":42,"column":14},"end":{"line":42,"column":null}},"6":{"start":{"line":47,"column":13},"end":{"line":56,"column":2}},"7":{"start":{"line":55,"column":14},"end":{"line":55,"column":null}}},"fnMap":{"0":{"name":"(anonymous_0)","decl":{"start":{"line":15,"column":2},"end":{"line":15,"column":14}},"loc":{"start":{"line":15,"column":14},"end":{"line":15,"column":null}},"line":15},"1":{"name":"(anonymous_1)","decl":{"start":{"line":29,"column":2},"end":{"line":29,"column":14}},"loc":{"start":{"line":29,"column":14},"end":{"line":29,"column":null}},"line":29},"2":{"name":"(anonymous_2)","decl":{"start":{"line":42,"column":2},"end":{"line":42,"column":14}},"loc":{"start":{"line":42,"column":14},"end":{"line":42,"column":null}},"line":42},"3":{"name":"(anonymous_3)","decl":{"start":{"line":55,"column":2},"end":{"line":55,"column":14}},"loc":{"start":{"line":55,"column":14},"end":{"line":55,"column":null}},"line":55}},"branchMap":{},"s":{"0":1,"1":0,"2":1,"3":30,"4":1,"5":0,"6":1,"7":2},"f":{"0":0,"1":30,"2":0,"3":2},"b":{},"meta":{"lastBranch":0,"lastFunction":4,"lastStatement":8,"seen":{"s:6:13:16:2":0,"f:15:2:15:14":0,"s:15:14:15:Infinity":1,"s:20:13:30:2":2,"f:29:2:29:14":1,"s:29:14:29:Infinity":3,"s:34:13:43:2":4,"f:42:2:42:14":2,"s:42:14:42:Infinity":5,"s:47:13:56:2":6,"f:55:2:55:14":3,"s:55:14:55:Infinity":7}}}
,"/home/julien/Documents/MyRepos/bingo-builder/backend/models/Card.ts": {"path":"/home/julien/Documents/MyRepos/bingo-builder/backend/models/Card.ts","statementMap":{"0":{"start":{"line":26,"column":19},"end":{"line":36,"column":2}},"1":{"start":{"line":40,"column":19},"end":{"line":76,"column":null}},"2":{"start":{"line":80,"column":0},"end":{"line":82,"column":null}},"3":{"start":{"line":81,"column":2},"end":{"line":81,"column":null}},"4":{"start":{"line":85,"column":0},"end":{"line":96,"column":null}},"5":{"start":{"line":86,"column":24},"end":{"line":86,"column":null}},"6":{"start":{"line":87,"column":2},"end":{"line":94,"column":null}},"7":{"start":{"line":88,"column":4},"end":{"line":92,"column":null}},"8":{"start":{"line":94,"column":4},"end":{"line":94,"column":null}},"9":{"start":{"line":98,"column":13},"end":{"line":98,"column":62}}},"fnMap":{"0":{"name":"(anonymous_0)","decl":{"start":{"line":80,"column":37},"end":{"line":80,"column":49}},"loc":{"start":{"line":80,"column":49},"end":{"line":82,"column":null}},"line":80},"1":{"name":"(anonymous_1)","decl":{"start":{"line":85,"column":23},"end":{"line":85,"column":33}},"loc":{"start":{"line":85,"column":39},"end":{"line":96,"column":null}},"line":85}},"branchMap":{"0":{"loc":{"start":{"line":87,"column":2},"end":{"line":94,"column":null}},"type":"if","locations":[{"start":{"line":87,"column":2},"end":{"line":94,"column":null}},{"start":{"line":93,"column":9},"end":{"line":94,"column":null}}],"line":87}},"s":{"0":2,"1":2,"2":2,"3":1,"4":2,"5":40,"6":40,"7":0,"8":40,"9":2},"f":{"0":1,"1":40},"b":{"0":[0,40]},"meta":{"lastBranch":1,"lastFunction":2,"lastStatement":10,"seen":{"s:26:19:36:2":0,"s:40:19:76:Infinity":1,"s:80:0:82:Infinity":2,"f:80:37:80:49":0,"s:81:2:81:Infinity":3,"s:85:0:96:Infinity":4,"f:85:23:85:33":1,"s:86:24:86:Infinity":5,"b:87:2:94:Infinity:93:9:94:Infinity":0,"s:87:2:94:Infinity":6,"s:88:4:92:Infinity":7,"s:94:4:94:Infinity":8,"s:98:13:98:62":9}}}
,"/home/julien/Documents/MyRepos/bingo-builder/backend/routes/cards.ts": {"path":"/home/julien/Documents/MyRepos/bingo-builder/backend/routes/cards.ts","statementMap":{"0":{"start":{"line":17,"column":15},"end":{"line":17,"column":31}},"1":{"start":{"line":20,"column":0},"end":{"line":27,"column":null}},"2":{"start":{"line":21,"column":2},"end":{"line":25,"column":null}},"3":{"start":{"line":22,"column":18},"end":{"line":22,"column":59}},"4":{"start":{"line":23,"column":4},"end":{"line":23,"column":null}},"5":{"start":{"line":25,"column":4},"end":{"line":25,"column":null}},"6":{"start":{"line":30,"column":0},"end":{"line":48,"column":null}},"7":{"start":{"line":31,"column":2},"end":{"line":46,"column":null}},"8":{"start":{"line":32,"column":27},"end":{"line":32,"column":75}},"9":{"start":{"line":33,"column":29},"end":{"line":33,"column":78}},"10":{"start":{"line":34,"column":25},"end":{"line":34,"column":63}},"11":{"start":{"line":35,"column":27},"end":{"line":35,"column":67}},"12":{"start":{"line":37,"column":4},"end":{"line":44,"column":null}},"13":{"start":{"line":46,"column":4},"end":{"line":46,"column":null}},"14":{"start":{"line":51,"column":0},"end":{"line":61,"column":null}},"15":{"start":{"line":52,"column":2},"end":{"line":59,"column":null}},"16":{"start":{"line":53,"column":17},"end":{"line":53,"column":51}},"17":{"start":{"line":54,"column":4},"end":{"line":55,"column":null}},"18":{"start":{"line":55,"column":6},"end":{"line":55,"column":null}},"19":{"start":{"line":57,"column":4},"end":{"line":57,"column":null}},"20":{"start":{"line":59,"column":4},"end":{"line":59,"column":null}},"21":{"start":{"line":64,"column":0},"end":{"line":100,"column":null}},"22":{"start":{"line":65,"column":2},"end":{"line":98,"column":null}},"23":{"start":{"line":67,"column":22},"end":{"line":67,"column":53}},"24":{"start":{"line":70,"column":29},"end":{"line":70,"column":78}},"25":{"start":{"line":71,"column":27},"end":{"line":71,"column":67}},"26":{"start":{"line":72,"column":4},"end":{"line":77,"column":null}},"27":{"start":{"line":73,"column":6},"end":{"line":77,"column":null}},"28":{"start":{"line":80,"column":17},"end":{"line":87,"column":6}},"29":{"start":{"line":89,"column":20},"end":{"line":89,"column":37}},"30":{"start":{"line":90,"column":4},"end":{"line":90,"column":null}},"31":{"start":{"line":92,"column":4},"end":{"line":96,"column":null}},"32":{"start":{"line":93,"column":6},"end":{"line":96,"column":null}},"33":{"start":{"line":98,"column":4},"end":{"line":98,"column":null}},"34":{"start":{"line":103,"column":0},"end":{"line":155,"column":null}},"35":{"start":{"line":104,"column":2},"end":{"line":153,"column":null}},"36":{"start":{"line":106,"column":22},"end":{"line":106,"column":54}},"37":{"start":{"line":108,"column":17},"end":{"line":108,"column":51}},"38":{"start":{"line":109,"column":4},"end":{"line":110,"column":null}},"39":{"start":{"line":110,"column":6},"end":{"line":110,"column":null}},"40":{"start":{"line":114,"column":4},"end":{"line":115,"column":null}},"41":{"start":{"line":115,"column":6},"end":{"line":115,"column":null}},"42":{"start":{"line":119,"column":4},"end":{"line":126,"column":null}},"43":{"start":{"line":124,"column":6},"end":{"line":126,"column":null}},"44":{"start":{"line":129,"column":4},"end":{"line":129,"column":null}},"45":{"start":{"line":129,"column":25},"end":{"line":129,"column":null}},"46":{"start":{"line":130,"column":4},"end":{"line":130,"column":null}},"47":{"start":{"line":130,"column":43},"end":{"line":130,"column":null}},"48":{"start":{"line":131,"column":4},"end":{"line":131,"column":null}},"49":{"start":{"line":131,"column":24},"end":{"line":131,"column":null}},"50":{"start":{"line":132,"column":4},"end":{"line":132,"column":null}},"51":{"start":{"line":132,"column":27},"end":{"line":132,"column":null}},"52":{"start":{"line":133,"column":4},"end":{"line":141,"column":null}},"53":{"start":{"line":135,"column":6},"end":{"line":138,"column":null}},"54":{"start":{"line":136,"column":8},"end":{"line":138,"column":null}},"55":{"start":{"line":141,"column":6},"end":{"line":141,"column":null}},"56":{"start":{"line":144,"column":24},"end":{"line":144,"column":41}},"57":{"start":{"line":145,"column":4},"end":{"line":145,"column":null}},"58":{"start":{"line":147,"column":4},"end":{"line":151,"column":null}},"59":{"start":{"line":148,"column":6},"end":{"line":151,"column":null}},"60":{"start":{"line":153,"column":4},"end":{"line":153,"column":null}},"61":{"start":{"line":158,"column":0},"end":{"line":213,"column":null}},"62":{"start":{"line":159,"column":2},"end":{"line":211,"column":null}},"63":{"start":{"line":161,"column":26},"end":{"line":161,"column":63}},"64":{"start":{"line":163,"column":17},"end":{"line":163,"column":51}},"65":{"start":{"line":164,"column":4},"end":{"line":165,"column":null}},"66":{"start":{"line":165,"column":6},"end":{"line":165,"column":null}},"67":{"start":{"line":168,"column":4},"end":{"line":169,"column":null}},"68":{"start":{"line":169,"column":6},"end":{"line":169,"column":null}},"69":{"start":{"line":173,"column":4},"end":{"line":176,"column":null}},"70":{"start":{"line":174,"column":6},"end":{"line":176,"column":null}},"71":{"start":{"line":180,"column":23},"end":{"line":181,"column":null}},"72":{"start":{"line":181,"column":16},"end":{"line":181,"column":49}},"73":{"start":{"line":183,"column":4},"end":{"line":186,"column":null}},"74":{"start":{"line":184,"column":6},"end":{"line":186,"column":null}},"75":{"start":{"line":190,"column":27},"end":{"line":190,"column":75}},"76":{"start":{"line":191,"column":25},"end":{"line":191,"column":63}},"77":{"start":{"line":192,"column":4},"end":{"line":197,"column":null}},"78":{"start":{"line":193,"column":6},"end":{"line":197,"column":null}},"79":{"start":{"line":200,"column":4},"end":{"line":200,"column":null}},"80":{"start":{"line":201,"column":4},"end":{"line":201,"column":null}},"81":{"start":{"line":202,"column":26},"end":{"line":202,"column":43}},"82":{"start":{"line":203,"column":4},"end":{"line":203,"column":null}},"83":{"start":{"line":205,"column":4},"end":{"line":209,"column":null}},"84":{"start":{"line":206,"column":6},"end":{"line":209,"column":null}},"85":{"start":{"line":211,"column":4},"end":{"line":211,"column":null}},"86":{"start":{"line":216,"column":0},"end":{"line":250,"column":null}},"87":{"start":{"line":217,"column":2},"end":{"line":248,"column":null}},"88":{"start":{"line":219,"column":26},"end":{"line":219,"column":63}},"89":{"start":{"line":221,"column":17},"end":{"line":221,"column":51}},"90":{"start":{"line":222,"column":4},"end":{"line":223,"column":null}},"91":{"start":{"line":223,"column":6},"end":{"line":223,"column":null}},"92":{"start":{"line":226,"column":4},"end":{"line":227,"column":null}},"93":{"start":{"line":227,"column":6},"end":{"line":227,"column":null}},"94":{"start":{"line":231,"column":4},"end":{"line":234,"column":null}},"95":{"start":{"line":232,"column":6},"end":{"line":234,"column":null}},"96":{"start":{"line":237,"column":4},"end":{"line":237,"column":null}},"97":{"start":{"line":238,"column":4},"end":{"line":238,"column":null}},"98":{"start":{"line":239,"column":28},"end":{"line":239,"column":45}},"99":{"start":{"line":240,"column":4},"end":{"line":240,"column":null}},"100":{"start":{"line":242,"column":4},"end":{"line":246,"column":null}},"101":{"start":{"line":243,"column":6},"end":{"line":246,"column":null}},"102":{"start":{"line":248,"column":4},"end":{"line":248,"column":null}},"103":{"start":{"line":253,"column":0},"end":{"line":279,"column":null}},"104":{"start":{"line":254,"column":2},"end":{"line":277,"column":null}},"105":{"start":{"line":255,"column":17},"end":{"line":255,"column":51}},"106":{"start":{"line":256,"column":4},"end":{"line":257,"column":null}},"107":{"start":{"line":257,"column":6},"end":{"line":257,"column":null}},"108":{"start":{"line":260,"column":4},"end":{"line":263,"column":null}},"109":{"start":{"line":261,"column":6},"end":{"line":263,"column":null}},"110":{"start":{"line":267,"column":26},"end":{"line":267,"column":null}},"111":{"start":{"line":268,"column":4},"end":{"line":271,"column":null}},"112":{"start":{"line":269,"column":6},"end":{"line":271,"column":null}},"113":{"start":{"line":274,"column":4},"end":{"line":274,"column":null}},"114":{"start":{"line":275,"column":4},"end":{"line":275,"column":null}},"115":{"start":{"line":277,"column":4},"end":{"line":277,"column":null}},"116":{"start":{"line":282,"column":0},"end":{"line":303,"column":null}},"117":{"start":{"line":283,"column":2},"end":{"line":301,"column":null}},"118":{"start":{"line":285,"column":26},"end":{"line":285,"column":63}},"119":{"start":{"line":288,"column":19},"end":{"line":288,"column":73}},"120":{"start":{"line":290,"column":4},"end":{"line":293,"column":null}},"121":{"start":{"line":295,"column":4},"end":{"line":299,"column":null}},"122":{"start":{"line":296,"column":6},"end":{"line":299,"column":null}},"123":{"start":{"line":301,"column":4},"end":{"line":301,"column":null}},"124":{"start":{"line":306,"column":0},"end":{"line":330,"column":null}},"125":{"start":{"line":307,"column":2},"end":{"line":328,"column":null}},"126":{"start":{"line":309,"column":33},"end":{"line":309,"column":68}},"127":{"start":{"line":312,"column":19},"end":{"line":314,"column":null}},"128":{"start":{"line":317,"column":4},"end":{"line":320,"column":null}},"129":{"start":{"line":322,"column":4},"end":{"line":326,"column":null}},"130":{"start":{"line":323,"column":6},"end":{"line":326,"column":null}},"131":{"start":{"line":328,"column":4},"end":{"line":328,"column":null}}},"fnMap":{"0":{"name":"(anonymous_0)","decl":{"start":{"line":20,"column":39},"end":{"line":20,"column":46}},"loc":{"start":{"line":20,"column":60},"end":{"line":27,"column":null}},"line":20},"1":{"name":"(anonymous_1)","decl":{"start":{"line":30,"column":51},"end":{"line":30,"column":58}},"loc":{"start":{"line":30,"column":72},"end":{"line":48,"column":null}},"line":30},"2":{"name":"(anonymous_2)","decl":{"start":{"line":51,"column":19},"end":{"line":51,"column":26}},"loc":{"start":{"line":51,"column":39},"end":{"line":61,"column":null}},"line":51},"3":{"name":"(anonymous_3)","decl":{"start":{"line":64,"column":41},"end":{"line":64,"column":48}},"loc":{"start":{"line":64,"column":61},"end":{"line":100,"column":null}},"line":64},"4":{"name":"(anonymous_4)","decl":{"start":{"line":103,"column":43},"end":{"line":103,"column":50}},"loc":{"start":{"line":103,"column":63},"end":{"line":155,"column":null}},"line":103},"5":{"name":"(anonymous_5)","decl":{"start":{"line":158,"column":52},"end":{"line":158,"column":59}},"loc":{"start":{"line":158,"column":72},"end":{"line":213,"column":null}},"line":158},"6":{"name":"(anonymous_6)","decl":{"start":{"line":180,"column":34},"end":{"line":180,"column":null}},"loc":{"start":{"line":181,"column":16},"end":{"line":181,"column":49}},"line":181},"7":{"name":"(anonymous_7)","decl":{"start":{"line":216,"column":54},"end":{"line":216,"column":61}},"loc":{"start":{"line":216,"column":74},"end":{"line":250,"column":null}},"line":216},"8":{"name":"(anonymous_8)","decl":{"start":{"line":253,"column":46},"end":{"line":253,"column":53}},"loc":{"start":{"line":253,"column":66},"end":{"line":279,"column":null}},"line":253},"9":{"name":"(anonymous_9)","decl":{"start":{"line":282,"column":58},"end":{"line":282,"column":65}},"loc":{"start":{"line":282,"column":78},"end":{"line":303,"column":null}},"line":282},"10":{"name":"(anonymous_10)","decl":{"start":{"line":306,"column":55},"end":{"line":306,"column":62}},"loc":{"start":{"line":306,"column":75},"end":{"line":330,"column":null}},"line":306}},"branchMap":{"0":{"loc":{"start":{"line":54,"column":4},"end":{"line":55,"column":null}},"type":"if","locations":[{"start":{"line":54,"column":4},"end":{"line":55,"column":null}},{"start":{},"end":{}}],"line":54},"1":{"loc":{"start":{"line":72,"column":4},"end":{"line":77,"column":null}},"type":"if","locations":[{"start":{"line":72,"column":4},"end":{"line":77,"column":null}},{"start":{},"end":{}}],"line":72},"2":{"loc":{"start":{"line":82,"column":17},"end":{"line":82,"column":null}},"type":"binary-expr","locations":[{"start":{"line":82,"column":17},"end":{"line":82,"column":40}},{"start":{"line":82,"column":40},"end":{"line":82,"column":null}}],"line":82},"3":{"loc":{"start":{"line":92,"column":4},"end":{"line":96,"column":null}},"type":"if","locations":[{"start":{"line":92,"column":4},"end":{"line":96,"column":null}},{"start":{},"end":{}}],"line":92},"4":{"loc":{"start":{"line":109,"column":4},"end":{"line":110,"column":null}},"type":"if","locations":[{"start":{"line":109,"column":4},"end":{"line":110,"column":null}},{"start":{},"end":{}}],"line":109},"5":{"loc":{"start":{"line":114,"column":4},"end":{"line":115,"column":null}},"type":"if","locations":[{"start":{"line":114,"column":4},"end":{"line":115,"column":null}},{"start":{},"end":{}}],"line":114},"6":{"loc":{"start":{"line":119,"column":4},"end":{"line":126,"column":null}},"type":"if","locations":[{"start":{"line":119,"column":4},"end":{"line":126,"column":null}},{"start":{},"end":{}}],"line":119},"7":{"loc":{"start":{"line":120,"column":6},"end":{"line":122,"column":null}},"type":"binary-expr","locations":[{"start":{"line":120,"column":6},"end":{"line":120,"column":null}},{"start":{"line":121,"column":6},"end":{"line":121,"column":null}},{"start":{"line":122,"column":6},"end":{"line":122,"column":null}}],"line":120},"8":{"loc":{"start":{"line":129,"column":4},"end":{"line":129,"column":null}},"type":"if","locations":[{"start":{"line":129,"column":4},"end":{"line":129,"column":null}},{"start":{},"end":{}}],"line":129},"9":{"loc":{"start":{"line":130,"column":4},"end":{"line":130,"column":null}},"type":"if","locations":[{"start":{"line":130,"column":4},"end":{"line":130,"column":null}},{"start":{},"end":{}}],"line":130},"10":{"loc":{"start":{"line":131,"column":4},"end":{"line":131,"column":null}},"type":"if","locations":[{"start":{"line":131,"column":4},"end":{"line":131,"column":null}},{"start":{},"end":{}}],"line":131},"11":{"loc":{"start":{"line":132,"column":4},"end":{"line":132,"column":null}},"type":"if","locations":[{"start":{"line":132,"column":4},"end":{"line":132,"column":null}},{"start":{},"end":{}}],"line":132},"12":{"loc":{"start":{"line":133,"column":4},"end":{"line":141,"column":null}},"type":"if","locations":[{"start":{"line":133,"column":4},"end":{"line":141,"column":null}},{"start":{},"end":{}}],"line":133},"13":{"loc":{"start":{"line":135,"column":6},"end":{"line":138,"column":null}},"type":"if","locations":[{"start":{"line":135,"column":6},"end":{"line":138,"column":null}},{"start":{},"end":{}}],"line":135},"14":{"loc":{"start":{"line":147,"column":4},"end":{"line":151,"column":null}},"type":"if","locations":[{"start":{"line":147,"column":4},"end":{"line":151,"column":null}},{"start":{},"end":{}}],"line":147},"15":{"loc":{"start":{"line":161,"column":48},"end":{"line":161,"column":62}},"type":"binary-expr","locations":[{"start":{"line":161,"column":48},"end":{"line":161,"column":60}},{"start":{"line":161,"column":60},"end":{"line":161,"column":62}}],"line":161},"16":{"loc":{"start":{"line":164,"column":4},"end":{"line":165,"column":null}},"type":"if","locations":[{"start":{"line":164,"column":4},"end":{"line":165,"column":null}},{"start":{},"end":{}}],"line":164},"17":{"loc":{"start":{"line":168,"column":4},"end":{"line":169,"column":null}},"type":"if","locations":[{"start":{"line":168,"column":4},"end":{"line":169,"column":null}},{"start":{},"end":{}}],"line":168},"18":{"loc":{"start":{"line":173,"column":4},"end":{"line":176,"column":null}},"type":"if","locations":[{"start":{"line":173,"column":4},"end":{"line":176,"column":null}},{"start":{},"end":{}}],"line":173},"19":{"loc":{"start":{"line":173,"column":8},"end":{"line":173,"column":69}},"type":"binary-expr","locations":[{"start":{"line":173,"column":8},"end":{"line":173,"column":26}},{"start":{"line":173,"column":26},"end":{"line":173,"column":39}},{"start":{"line":173,"column":39},"end":{"line":173,"column":69}}],"line":173},"20":{"loc":{"start":{"line":181,"column":16},"end":{"line":181,"column":49}},"type":"binary-expr","locations":[{"start":{"line":181,"column":16},"end":{"line":181,"column":31}},{"start":{"line":181,"column":31},"end":{"line":181,"column":49}}],"line":181},"21":{"loc":{"start":{"line":183,"column":4},"end":{"line":186,"column":null}},"type":"if","locations":[{"start":{"line":183,"column":4},"end":{"line":186,"column":null}},{"start":{},"end":{}}],"line":183},"22":{"loc":{"start":{"line":192,"column":4},"end":{"line":197,"column":null}},"type":"if","locations":[{"start":{"line":192,"column":4},"end":{"line":197,"column":null}},{"start":{},"end":{}}],"line":192},"23":{"loc":{"start":{"line":205,"column":4},"end":{"line":209,"column":null}},"type":"if","locations":[{"start":{"line":205,"column":4},"end":{"line":209,"column":null}},{"start":{},"end":{}}],"line":205},"24":{"loc":{"start":{"line":219,"column":48},"end":{"line":219,"column":62}},"type":"binary-expr","locations":[{"start":{"line":219,"column":48},"end":{"line":219,"column":60}},{"start":{"line":219,"column":60},"end":{"line":219,"column":62}}],"line":219},"25":{"loc":{"start":{"line":222,"column":4},"end":{"line":223,"column":null}},"type":"if","locations":[{"start":{"line":222,"column":4},"end":{"line":223,"column":null}},{"start":{},"end":{}}],"line":222},"26":{"loc":{"start":{"line":226,"column":4},"end":{"line":227,"column":null}},"type":"if","locations":[{"start":{"line":226,"column":4},"end":{"line":227,"column":null}},{"start":{},"end":{}}],"line":226},"27":{"loc":{"start":{"line":231,"column":4},"end":{"line":234,"column":null}},"type":"if","locations":[{"start":{"line":231,"column":4},"end":{"line":234,"column":null}},{"start":{},"end":{}}],"line":231},"28":{"loc":{"start":{"line":231,"column":8},"end":{"line":231,"column":69}},"type":"binary-expr","locations":[{"start":{"line":231,"column":8},"end":{"line":231,"column":26}},{"start":{"line":231,"column":26},"end":{"line":231,"column":39}},{"start":{"line":231,"column":39},"end":{"line":231,"column":69}}],"line":231},"29":{"loc":{"start":{"line":242,"column":4},"end":{"line":246,"column":null}},"type":"if","locations":[{"start":{"line":242,"column":4},"end":{"line":246,"column":null}},{"start":{},"end":{}}],"line":242},"30":{"loc":{"start":{"line":256,"column":4},"end":{"line":257,"column":null}},"type":"if","locations":[{"start":{"line":256,"column":4},"end":{"line":257,"column":null}},{"start":{},"end":{}}],"line":256},"31":{"loc":{"start":{"line":260,"column":4},"end":{"line":263,"column":null}},"type":"if","locations":[{"start":{"line":260,"column":4},"end":{"line":263,"column":null}},{"start":{},"end":{}}],"line":260},"32":{"loc":{"start":{"line":268,"column":4},"end":{"line":271,"column":null}},"type":"if","locations":[{"start":{"line":268,"column":4},"end":{"line":271,"column":null}},{"start":{},"end":{}}],"line":268},"33":{"loc":{"start":{"line":268,"column":8},"end":{"line":268,"column":69}},"type":"binary-expr","locations":[{"start":{"line":268,"column":8},"end":{"line":268,"column":26}},{"start":{"line":268,"column":26},"end":{"line":268,"column":39}},{"start":{"line":268,"column":39},"end":{"line":268,"column":69}}],"line":268},"34":{"loc":{"start":{"line":295,"column":4},"end":{"line":299,"column":null}},"type":"if","locations":[{"start":{"line":295,"column":4},"end":{"line":299,"column":null}},{"start":{},"end":{}}],"line":295},"35":{"loc":{"start":{"line":322,"column":4},"end":{"line":326,"column":null}},"type":"if","locations":[{"start":{"line":322,"column":4},"end":{"line":326,"column":null}},{"start":{},"end":{}}],"line":322}},"s":{"0":1,"1":1,"2":2,"3":2,"4":2,"5":0,"6":1,"7":0,"8":0,"9":0,"10":0,"11":0,"12":0,"13":0,"14":1,"15":3,"16":3,"17":2,"18":1,"19":1,"20":1,"21":1,"22":4,"23":4,"24":4,"25":2,"26":2,"27":0,"28":2,"29":4,"30":2,"31":2,"32":2,"33":0,"34":1,"35":7,"36":7,"37":7,"38":6,"39":1,"40":5,"41":1,"42":4,"43":1,"44":3,"45":3,"46":3,"47":3,"48":3,"49":1,"50":3,"51":3,"52":3,"53":1,"54":0,"55":1,"56":3,"57":3,"58":1,"59":1,"60":0,"61":1,"62":5,"63":5,"64":5,"65":5,"66":1,"67":4,"68":1,"69":3,"70":1,"71":2,"72":8,"73":2,"74":1,"75":1,"76":1,"77":1,"78":0,"79":1,"80":1,"81":1,"82":1,"83":0,"84":0,"85":0,"86":1,"87":3,"88":3,"89":3,"90":3,"91":0,"92":3,"93":1,"94":2,"95":1,"96":1,"97":1,"98":1,"99":1,"100":0,"101":0,"102":0,"103":1,"104":4,"105":4,"106":4,"107":1,"108":3,"109":1,"110":2,"111":2,"112":1,"113":1,"114":1,"115":0,"116":1,"117":3,"118":3,"119":3,"120":2,"121":1,"122":1,"123":0,"124":1,"125":4,"126":4,"127":4,"128":3,"129":1,"130":1,"131":0},"f":{"0":2,"1":0,"2":3,"3":4,"4":7,"5":5,"6":8,"7":3,"8":4,"9":3,"10":4},"b":{"0":[1,1],"1":[0,2],"2":[2,1],"3":[2,0],"4":[1,5],"5":[1,4],"6":[1,3],"7":[4,4,4],"8":[2,1],"9":[3,0],"10":[1,2],"11":[1,2],"12":[1,2],"13":[0,1],"14":[1,0],"15":[5,0],"16":[1,4],"17":[1,3],"18":[1,2],"19":[3,2,2],"20":[8,7],"21":[1,1],"22":[0,1],"23":[0,0],"24":[3,0],"25":[0,3],"26":[1,2],"27":[1,1],"28":[2,2,2],"29":[0,0],"30":[1,3],"31":[1,2],"32":[1,1],"33":[2,2,2],"34":[1,0],"35":[1,0]},"meta":{"lastBranch":36,"lastFunction":11,"lastStatement":132,"seen":{"s:17:15:17:31":0,"s:20:0:27:Infinity":1,"f:20:39:20:46":0,"s:21:2:25:Infinity":2,"s:22:18:22:59":3,"s:23:4:23:Infinity":4,"s:25:4:25:Infinity":5,"s:30:0:48:Infinity":6,"f:30:51:30:58":1,"s:31:2:46:Infinity":7,"s:32:27:32:75":8,"s:33:29:33:78":9,"s:34:25:34:63":10,"s:35:27:35:67":11,"s:37:4:44:Infinity":12,"s:46:4:46:Infinity":13,"s:51:0:61:Infinity":14,"f:51:19:51:26":2,"s:52:2:59:Infinity":15,"s:53:17:53:51":16,"b:54:4:55:Infinity:undefined:undefined:undefined:undefined":0,"s:54:4:55:Infinity":17,"s:55:6:55:Infinity":18,"s:57:4:57:Infinity":19,"s:59:4:59:Infinity":20,"s:64:0:100:Infinity":21,"f:64:41:64:48":3,"s:65:2:98:Infinity":22,"s:67:22:67:53":23,"s:70:29:70:78":24,"s:71:27:71:67":25,"b:72:4:77:Infinity:undefined:undefined:undefined:undefined":1,"s:72:4:77:Infinity":26,"s:73:6:77:Infinity":27,"s:80:17:87:6":28,"b:82:17:82:40:82:40:82:Infinity":2,"s:89:20:89:37":29,"s:90:4:90:Infinity":30,"b:92:4:96:Infinity:undefined:undefined:undefined:undefined":3,"s:92:4:96:Infinity":31,"s:93:6:96:Infinity":32,"s:98:4:98:Infinity":33,"s:103:0:155:Infinity":34,"f:103:43:103:50":4,"s:104:2:153:Infinity":35,"s:106:22:106:54":36,"s:108:17:108:51":37,"b:109:4:110:Infinity:undefined:undefined:undefined:undefined":4,"s:109:4:110:Infinity":38,"s:110:6:110:Infinity":39,"b:114:4:115:Infinity:undefined:undefined:undefined:undefined":5,"s:114:4:115:Infinity":40,"s:115:6:115:Infinity":41,"b:119:4:126:Infinity:undefined:undefined:undefined:undefined":6,"s:119:4:126:Infinity":42,"b:120:6:120:Infinity:121:6:121:Infinity:122:6:122:Infinity":7,"s:124:6:126:Infinity":43,"b:129:4:129:Infinity:undefined:undefined:undefined:undefined":8,"s:129:4:129:Infinity":44,"s:129:25:129:Infinity":45,"b:130:4:130:Infinity:undefined:undefined:undefined:undefined":9,"s:130:4:130:Infinity":46,"s:130:43:130:Infinity":47,"b:131:4:131:Infinity:undefined:undefined:undefined:undefined":10,"s:131:4:131:Infinity":48,"s:131:24:131:Infinity":49,"b:132:4:132:Infinity:undefined:undefined:undefined:undefined":11,"s:132:4:132:Infinity":50,"s:132:27:132:Infinity":51,"b:133:4:141:Infinity:undefined:undefined:undefined:undefined":12,"s:133:4:141:Infinity":52,"b:135:6:138:Infinity:undefined:undefined:undefined:undefined":13,"s:135:6:138:Infinity":53,"s:136:8:138:Infinity":54,"s:141:6:141:Infinity":55,"s:144:24:144:41":56,"s:145:4:145:Infinity":57,"b:147:4:151:Infinity:undefined:undefined:undefined:undefined":14,"s:147:4:151:Infinity":58,"s:148:6:151:Infinity":59,"s:153:4:153:Infinity":60,"s:158:0:213:Infinity":61,"f:158:52:158:59":5,"s:159:2:211:Infinity":62,"s:161:26:161:63":63,"b:161:48:161:60:161:60:161:62":15,"s:163:17:163:51":64,"b:164:4:165:Infinity:undefined:undefined:undefined:undefined":16,"s:164:4:165:Infinity":65,"s:165:6:165:Infinity":66,"b:168:4:169:Infinity:undefined:undefined:undefined:undefined":17,"s:168:4:169:Infinity":67,"s:169:6:169:Infinity":68,"b:173:4:176:Infinity:undefined:undefined:undefined:undefined":18,"s:173:4:176:Infinity":69,"b:173:8:173:26:173:26:173:39:173:39:173:69":19,"s:174:6:176:Infinity":70,"s:180:23:181:Infinity":71,"f:180:34:180:Infinity":6,"s:181:16:181:49":72,"b:181:16:181:31:181:31:181:49":20,"b:183:4:186:Infinity:undefined:undefined:undefined:undefined":21,"s:183:4:186:Infinity":73,"s:184:6:186:Infinity":74,"s:190:27:190:75":75,"s:191:25:191:63":76,"b:192:4:197:Infinity:undefined:undefined:undefined:undefined":22,"s:192:4:197:Infinity":77,"s:193:6:197:Infinity":78,"s:200:4:200:Infinity":79,"s:201:4:201:Infinity":80,"s:202:26:202:43":81,"s:203:4:203:Infinity":82,"b:205:4:209:Infinity:undefined:undefined:undefined:undefined":23,"s:205:4:209:Infinity":83,"s:206:6:209:Infinity":84,"s:211:4:211:Infinity":85,"s:216:0:250:Infinity":86,"f:216:54:216:61":7,"s:217:2:248:Infinity":87,"s:219:26:219:63":88,"b:219:48:219:60:219:60:219:62":24,"s:221:17:221:51":89,"b:222:4:223:Infinity:undefined:undefined:undefined:undefined":25,"s:222:4:223:Infinity":90,"s:223:6:223:Infinity":91,"b:226:4:227:Infinity:undefined:undefined:undefined:undefined":26,"s:226:4:227:Infinity":92,"s:227:6:227:Infinity":93,"b:231:4:234:Infinity:undefined:undefined:undefined:undefined":27,"s:231:4:234:Infinity":94,"b:231:8:231:26:231:26:231:39:231:39:231:69":28,"s:232:6:234:Infinity":95,"s:237:4:237:Infinity":96,"s:238:4:238:Infinity":97,"s:239:28:239:45":98,"s:240:4:240:Infinity":99,"b:242:4:246:Infinity:undefined:undefined:undefined:undefined":29,"s:242:4:246:Infinity":100,"s:243:6:246:Infinity":101,"s:248:4:248:Infinity":102,"s:253:0:279:Infinity":103,"f:253:46:253:53":8,"s:254:2:277:Infinity":104,"s:255:17:255:51":105,"b:256:4:257:Infinity:undefined:undefined:undefined:undefined":30,"s:256:4:257:Infinity":106,"s:257:6:257:Infinity":107,"b:260:4:263:Infinity:undefined:undefined:undefined:undefined":31,"s:260:4:263:Infinity":108,"s:261:6:263:Infinity":109,"s:267:26:267:Infinity":110,"b:268:4:271:Infinity:undefined:undefined:undefined:undefined":32,"s:268:4:271:Infinity":111,"b:268:8:268:26:268:26:268:39:268:39:268:69":33,"s:269:6:271:Infinity":112,"s:274:4:274:Infinity":113,"s:275:4:275:Infinity":114,"s:277:4:277:Infinity":115,"s:282:0:303:Infinity":116,"f:282:58:282:65":9,"s:283:2:301:Infinity":117,"s:285:26:285:63":118,"s:288:19:288:73":119,"s:290:4:293:Infinity":120,"b:295:4:299:Infinity:undefined:undefined:undefined:undefined":34,"s:295:4:299:Infinity":121,"s:296:6:299:Infinity":122,"s:301:4:301:Infinity":123,"s:306:0:330:Infinity":124,"f:306:55:306:62":10,"s:307:2:328:Infinity":125,"s:309:33:309:68":126,"s:312:19:314:Infinity":127,"s:317:4:320:Infinity":128,"b:322:4:326:Infinity:undefined:undefined:undefined:undefined":35,"s:322:4:326:Infinity":129,"s:323:6:326:Infinity":130,"s:328:4:328:Infinity":131}}}
,"/home/julien/Documents/MyRepos/bingo-builder/backend/schemas/card.ts": {"path":"/home/julien/Documents/MyRepos/bingo-builder/backend/schemas/card.ts","statementMap":{"0":{"start":{"line":6,"column":0},"end":{"line":6,"column":null}},"1":{"start":{"line":11,"column":26},"end":{"line":26,"column":18}},"2":{"start":{"line":31,"column":31},"end":{"line":75,"column":23}},"3":{"start":{"line":71,"column":20},"end":{"line":71,"column":68}},"4":{"start":{"line":80,"column":32},"end":{"line":92,"column":24}},"5":{"start":{"line":97,"column":26},"end":{"line":134,"column":18}},"6":{"start":{"line":139,"column":31},"end":{"line":143,"column":2}},"7":{"start":{"line":148,"column":37},"end":{"line":152,"column":2}},"8":{"start":{"line":157,"column":35},"end":{"line":164,"column":2}}},"fnMap":{"0":{"name":"(anonymous_0)","decl":{"start":{"line":71,"column":3},"end":{"line":71,"column":11}},"loc":{"start":{"line":71,"column":20},"end":{"line":71,"column":68}},"line":71}},"branchMap":{},"s":{"0":1,"1":1,"2":1,"3":3,"4":1,"5":1,"6":1,"7":1,"8":1},"f":{"0":3},"b":{},"meta":{"lastBranch":0,"lastFunction":1,"lastStatement":9,"seen":{"s:6:0:6:Infinity":0,"s:11:26:26:18":1,"s:31:31:75:23":2,"f:71:3:71:11":0,"s:71:20:71:68":3,"s:80:32:92:24":4,"s:97:26:134:18":5,"s:139:31:143:2":6,"s:148:37:152:2":7,"s:157:35:164:2":8}}}
}
