TN:
SF:config/config.ts
FNF:0
FNH:0
DA:6,2
DA:7,2
DA:10,2
DA:130,2
DA:132,2
DA:136,2
DA:139,2
LF:7
LH:7
BRDA:132,0,0,2
BRDA:132,0,1,0
BRF:2
BRH:1
end_of_record
TN:
SF:middleware/rateLimiter.ts
FN:15,(anonymous_0)
FN:29,(anonymous_1)
FN:42,(anonymous_2)
FN:55,(anonymous_3)
FNF:4
FNH:2
FNDA:0,(anonymous_0)
FNDA:30,(anonymous_1)
FNDA:0,(anonymous_2)
FNDA:2,(anonymous_3)
DA:6,1
DA:15,0
DA:20,1
DA:29,30
DA:34,1
DA:42,0
DA:47,1
DA:55,2
LF:8
LH:6
BRF:0
BRH:0
end_of_record
TN:
SF:models/Card.ts
FN:80,(anonymous_0)
FN:85,(anonymous_1)
FNF:2
FNH:2
FNDA:1,(anonymous_0)
FNDA:40,(anonymous_1)
DA:26,2
DA:40,2
DA:80,2
DA:81,1
DA:85,2
DA:86,40
DA:87,40
DA:88,0
DA:94,40
DA:98,2
LF:10
LH:9
BRDA:87,0,0,0
BRDA:87,0,1,40
BRF:2
BRH:1
end_of_record
TN:
SF:routes/cards.ts
FN:20,(anonymous_0)
FN:30,(anonymous_1)
FN:51,(anonymous_2)
FN:64,(anonymous_3)
FN:103,(anonymous_4)
FN:158,(anonymous_5)
FN:180,(anonymous_6)
FN:216,(anonymous_7)
FN:253,(anonymous_8)
FN:282,(anonymous_9)
FN:306,(anonymous_10)
FNF:11
FNH:10
FNDA:2,(anonymous_0)
FNDA:0,(anonymous_1)
FNDA:3,(anonymous_2)
FNDA:4,(anonymous_3)
FNDA:7,(anonymous_4)
FNDA:5,(anonymous_5)
FNDA:8,(anonymous_6)
FNDA:3,(anonymous_7)
FNDA:4,(anonymous_8)
FNDA:3,(anonymous_9)
FNDA:4,(anonymous_10)
DA:17,1
DA:20,1
DA:21,2
DA:22,2
DA:23,2
DA:25,0
DA:30,1
DA:31,0
DA:32,0
DA:33,0
DA:34,0
DA:35,0
DA:37,0
DA:46,0
DA:51,1
DA:52,3
DA:53,3
DA:54,2
DA:55,1
DA:57,1
DA:59,1
DA:64,1
DA:65,4
DA:67,4
DA:70,4
DA:71,2
DA:72,2
DA:73,0
DA:80,2
DA:89,4
DA:90,2
DA:92,2
DA:93,2
DA:98,0
DA:103,1
DA:104,7
DA:106,7
DA:108,7
DA:109,6
DA:110,1
DA:114,5
DA:115,1
DA:119,4
DA:124,1
DA:129,3
DA:130,3
DA:131,3
DA:132,3
DA:133,3
DA:135,1
DA:136,0
DA:141,1
DA:144,3
DA:145,3
DA:147,1
DA:148,1
DA:153,0
DA:158,1
DA:159,5
DA:161,5
DA:163,5
DA:164,5
DA:165,1
DA:168,4
DA:169,1
DA:173,3
DA:174,1
DA:180,2
DA:181,8
DA:183,2
DA:184,1
DA:190,1
DA:191,1
DA:192,1
DA:193,0
DA:200,1
DA:201,1
DA:202,1
DA:203,1
DA:205,0
DA:206,0
DA:211,0
DA:216,1
DA:217,3
DA:219,3
DA:221,3
DA:222,3
DA:223,0
DA:226,3
DA:227,1
DA:231,2
DA:232,1
DA:237,1
DA:238,1
DA:239,1
DA:240,1
DA:242,0
DA:243,0
DA:248,0
DA:253,1
DA:254,4
DA:255,4
DA:256,4
DA:257,1
DA:260,3
DA:261,1
DA:267,2
DA:268,2
DA:269,1
DA:274,1
DA:275,1
DA:277,0
DA:282,1
DA:283,3
DA:285,3
DA:288,3
DA:290,2
DA:295,1
DA:296,1
DA:301,0
DA:306,1
DA:307,4
DA:309,4
DA:312,4
DA:317,3
DA:322,1
DA:323,1
DA:328,0
LF:128
LH:105
BRDA:54,0,0,1
BRDA:54,0,1,1
BRDA:72,1,0,0
BRDA:72,1,1,2
BRDA:82,2,0,2
BRDA:82,2,1,1
BRDA:92,3,0,2
BRDA:92,3,1,0
BRDA:109,4,0,1
BRDA:109,4,1,5
BRDA:114,5,0,1
BRDA:114,5,1,4
BRDA:119,6,0,1
BRDA:119,6,1,3
BRDA:120,7,0,4
BRDA:120,7,1,4
BRDA:120,7,2,4
BRDA:129,8,0,2
BRDA:129,8,1,1
BRDA:130,9,0,3
BRDA:130,9,1,0
BRDA:131,10,0,1
BRDA:131,10,1,2
BRDA:132,11,0,1
BRDA:132,11,1,2
BRDA:133,12,0,1
BRDA:133,12,1,2
BRDA:135,13,0,0
BRDA:135,13,1,1
BRDA:147,14,0,1
BRDA:147,14,1,0
BRDA:161,15,0,5
BRDA:161,15,1,0
BRDA:164,16,0,1
BRDA:164,16,1,4
BRDA:168,17,0,1
BRDA:168,17,1,3
BRDA:173,18,0,1
BRDA:173,18,1,2
BRDA:173,19,0,3
BRDA:173,19,1,2
BRDA:173,19,2,2
BRDA:181,20,0,8
BRDA:181,20,1,7
BRDA:183,21,0,1
BRDA:183,21,1,1
BRDA:192,22,0,0
BRDA:192,22,1,1
BRDA:205,23,0,0
BRDA:205,23,1,0
BRDA:219,24,0,3
BRDA:219,24,1,0
BRDA:222,25,0,0
BRDA:222,25,1,3
BRDA:226,26,0,1
BRDA:226,26,1,2
BRDA:231,27,0,1
BRDA:231,27,1,1
BRDA:231,28,0,2
BRDA:231,28,1,2
BRDA:231,28,2,2
BRDA:242,29,0,0
BRDA:242,29,1,0
BRDA:256,30,0,1
BRDA:256,30,1,3
BRDA:260,31,0,1
BRDA:260,31,1,2
BRDA:268,32,0,1
BRDA:268,32,1,1
BRDA:268,33,0,2
BRDA:268,33,1,2
BRDA:268,33,2,2
BRDA:295,34,0,1
BRDA:295,34,1,0
BRDA:322,35,0,1
BRDA:322,35,1,0
BRF:76
BRH:61
end_of_record
TN:
SF:schemas/card.ts
FN:71,(anonymous_0)
FNF:1
FNH:1
FNDA:3,(anonymous_0)
DA:6,1
DA:11,1
DA:31,1
DA:71,3
DA:80,1
DA:97,1
DA:139,1
DA:148,1
DA:157,1
LF:9
LH:9
BRF:0
BRH:0
end_of_record
