TN:
SF:models/Card.ts
FN:54,(anonymous_0)
FN:59,(anonymous_1)
FNF:2
FNH:1
FNDA:0,(anonymous_0)
FNDA:28,(anonymous_1)
DA:3,2
DA:15,2
DA:54,2
DA:55,0
DA:59,2
DA:60,28
DA:61,28
DA:62,0
DA:68,28
DA:72,2
LF:10
LH:8
BRDA:61,0,0,0
BRDA:61,0,1,28
BRF:2
BRH:1
end_of_record
TN:
SF:routes/cards.ts
FN:7,(anonymous_0)
FN:17,(anonymous_1)
FN:30,(anonymous_2)
FN:63,(anonymous_3)
FN:111,(anonymous_4)
FN:131,(anonymous_5)
FN:150,(anonymous_6)
FN:179,(anonymous_7)
FN:208,(anonymous_8)
FN:229,(anonymous_9)
FNF:10
FNH:8
FNDA:2,(anonymous_0)
FNDA:3,(anonymous_1)
FNDA:4,(anonymous_2)
FNDA:5,(anonymous_3)
FNDA:5,(anonymous_4)
FNDA:8,(anonymous_5)
FNDA:3,(anonymous_6)
FNDA:4,(anonymous_7)
FNDA:0,(anonymous_8)
FNDA:0,(anonymous_9)
DA:4,1
DA:7,1
DA:8,2
DA:9,2
DA:10,2
DA:12,0
DA:17,1
DA:18,3
DA:19,3
DA:20,2
DA:21,1
DA:23,1
DA:25,1
DA:30,1
DA:31,4
DA:34,4
DA:35,1
DA:39,3
DA:40,1
DA:45,2
DA:46,2
DA:55,4
DA:56,2
DA:58,0
DA:63,1
DA:64,5
DA:65,5
DA:66,5
DA:67,1
DA:71,4
DA:72,1
DA:76,3
DA:77,3
DA:82,1
DA:87,2
DA:89,2
DA:90,2
DA:91,2
DA:92,2
DA:93,2
DA:95,1
DA:96,1
DA:100,0
DA:103,1
DA:104,1
DA:106,0
DA:111,1
DA:112,5
DA:113,5
DA:114,5
DA:115,1
DA:118,4
DA:119,1
DA:123,3
DA:124,3
DA:125,1
DA:131,2
DA:132,8
DA:134,2
DA:135,1
DA:140,1
DA:141,1
DA:142,1
DA:143,1
DA:145,0
DA:150,1
DA:151,3
DA:152,3
DA:153,3
DA:154,0
DA:157,3
DA:158,1
DA:162,2
DA:163,2
DA:164,1
DA:169,1
DA:170,1
DA:171,1
DA:172,1
DA:174,0
DA:179,1
DA:180,4
DA:181,4
DA:182,4
DA:183,1
DA:186,3
DA:187,1
DA:193,2
DA:194,2
DA:195,1
DA:200,1
DA:201,1
DA:203,0
DA:208,1
DA:209,0
DA:210,0
DA:212,0
DA:213,0
DA:217,0
DA:219,0
DA:224,0
DA:229,1
DA:230,0
DA:231,0
DA:233,0
DA:234,0
DA:240,0
DA:245,0
DA:250,0
LF:109
LH:87
BRDA:20,0,0,1
BRDA:20,0,1,1
BRDA:34,1,0,1
BRDA:34,1,1,3
BRDA:34,2,0,4
BRDA:34,2,1,4
BRDA:34,2,2,4
BRDA:34,2,3,3
BRDA:39,3,0,1
BRDA:39,3,1,2
BRDA:48,4,0,2
BRDA:48,4,1,1
BRDA:66,5,0,1
BRDA:66,5,1,4
BRDA:71,6,0,1
BRDA:71,6,1,3
BRDA:77,7,0,1
BRDA:77,7,1,2
BRDA:78,8,0,3
BRDA:78,8,1,2
BRDA:78,8,2,2
BRDA:89,9,0,1
BRDA:89,9,1,1
BRDA:90,10,0,1
BRDA:90,10,1,1
BRDA:91,11,0,0
BRDA:91,11,1,2
BRDA:92,12,0,0
BRDA:92,12,1,2
BRDA:93,13,0,1
BRDA:93,13,1,1
BRDA:95,14,0,1
BRDA:95,14,1,0
BRDA:114,15,0,1
BRDA:114,15,1,4
BRDA:118,16,0,1
BRDA:118,16,1,3
BRDA:124,17,0,1
BRDA:124,17,1,2
BRDA:124,18,0,3
BRDA:124,18,1,2
BRDA:124,18,2,2
BRDA:132,19,0,8
BRDA:132,19,1,7
BRDA:134,20,0,1
BRDA:134,20,1,1
BRDA:153,21,0,0
BRDA:153,21,1,3
BRDA:157,22,0,1
BRDA:157,22,1,2
BRDA:163,23,0,1
BRDA:163,23,1,1
BRDA:163,24,0,2
BRDA:163,24,1,2
BRDA:163,24,2,2
BRDA:182,25,0,1
BRDA:182,25,1,3
BRDA:186,26,0,1
BRDA:186,26,1,2
BRDA:194,27,0,1
BRDA:194,27,1,1
BRDA:194,28,0,2
BRDA:194,28,1,2
BRDA:194,28,2,2
BRDA:212,29,0,0
BRDA:212,29,1,0
BRDA:212,30,0,0
BRDA:212,30,1,0
BRDA:233,31,0,0
BRDA:233,31,1,0
BRDA:233,32,0,0
BRDA:233,32,1,0
BRDA:233,32,2,0
BRDA:233,32,3,0
BRF:74
BRH:60
end_of_record
